Using pre-set license
Built from '2021.1/staging' branch; Version is '2021.1.7f1 (d91830b65d9b) revision 14227504'; Using compiler version '192528614'; Build Type 'Release'
OS: 'Windows 10 Home; OS build 19042.985; Version 2009; 64bit' Language: 'en' Physical Memory: 16303 MB
BatchMode: 1, IsHumanControllingUs: 0, StartBugReporterOnCrash: 0, Is64bit: 1, IsPro: 0

 COMMAND LINE ARGUMENTS:
C:\Program Files\Unity\Hub\Editor\2021.1.7f1\Editor\Unity.exe
-adb2
-batchMode
-noUpm
-name
AssetImportWorker0
-projectPath
C:/Users/Jacob Bream/Documents/Biomojo/Unipy/Unipy
-logFile
Logs/AssetImportWorker0.log
-srvPort
61166
Successfully changed project path to: C:/Users/Jacob Bream/Documents/Biomojo/Unipy/Unipy
C:/Users/Jacob Bream/Documents/Biomojo/Unipy/Unipy
Using Asset Import Pipeline V2.
Refreshing native plugins compatible for Editor in 67.61 ms, found 1 plugins.
Preloading 0 native plugins for Editor in 0.00 ms.
Initialize engine version: 2021.1.7f1 (d91830b65d9b)
[Subsystems] Discovering subsystems at path C:/Program Files/Unity/Hub/Editor/2021.1.7f1/Editor/Data/Resources/UnitySubsystems
[Subsystems] Discovering subsystems at path C:/Users/Jacob Bream/Documents/Biomojo/Unipy/Unipy/Assets
GfxDevice: creating device client; threaded=0; jobified=0
Direct3D:
    Version:  Direct3D 11.0 [level 11.1]
    Renderer: NVIDIA GeForce RTX 2080 (ID=0x1e87)
    Vendor:   NVIDIA
    VRAM:     8010 MB
    Driver:   27.21.14.6627
Initialize mono
Mono path[0] = 'C:/Program Files/Unity/Hub/Editor/2021.1.7f1/Editor/Data/Managed'
Mono path[1] = 'C:/Program Files/Unity/Hub/Editor/2021.1.7f1/Editor/Data/MonoBleedingEdge/lib/mono/unityjit'
Mono config path = 'C:/Program Files/Unity/Hub/Editor/2021.1.7f1/Editor/Data/MonoBleedingEdge/etc'
Using monoOptions --debugger-agent=transport=dt_socket,embedding=1,server=y,suspend=n,address=127.0.0.1:56500
Begin MonoManager ReloadAssembly
Registering precompiled unity dll's ...
Register platform support module: C:/Program Files/Unity/Hub/Editor/2021.1.7f1/Editor/Data/PlaybackEngines/WindowsStandaloneSupport/UnityEditor.WindowsStandalone.Extensions.dll
Registered in 0.001802 seconds.
Native extension for WindowsStandalone target not found
Refreshing native plugins compatible for Editor in 73.31 ms, found 1 plugins.
Preloading 0 native plugins for Editor in 0.00 ms.
Mono: successfully reloaded assembly
- Completed reload, in  1.128 seconds
Platform modules already initialized, skipping
Registering precompiled user dll's ...
Registered in 0.004036 seconds.
Begin MonoManager ReloadAssembly
Symbol file LoadedFromMemory doesn't match image C:\Users\Jacob Bream\Documents\Biomojo\Unipy\Unipy\Library\PackageCache\com.unity.visualscripting@1.6.1\Editor\VisualScripting.Core\Dependencies\YamlDotNet\Unity.VisualScripting.YamlDotNet.dll
Symbol file LoadedFromMemory doesn't match image C:\Users\Jacob Bream\Documents\Biomojo\Unipy\Unipy\Library\PackageCache\com.unity.visualscripting@1.6.1\Editor\VisualScripting.Core\Dependencies\DotNetZip\Unity.VisualScripting.IonicZip.dll
Native extension for WindowsStandalone target not found
Refreshing native plugins compatible for Editor in 0.47 ms, found 1 plugins.
Preloading 0 native plugins for Editor in 0.00 ms.
Mono: successfully reloaded assembly
- Completed reload, in  1.015 seconds
Platform modules already initialized, skipping
========================================================================
Worker process is ready to serve import requests
Launched and connected shader compiler UnityShaderCompiler.exe after 0.05 seconds
Refreshing native plugins compatible for Editor in 0.49 ms, found 1 plugins.
Preloading 0 native plugins for Editor in 0.00 ms.
Unloading 2684 Unused Serialized files (Serialized files now loaded: 0)
System memory in use before: 98.8 MB.
System memory in use after: 98.9 MB.

Unloading 17 unused Assets to reduce memory usage. Loaded Objects now: 3136.
Total: 2.491500 ms (FindLiveObjects: 0.223400 ms CreateObjectMapping: 0.117100 ms MarkObjects: 2.063500 ms  DeleteObjects: 0.086300 ms)

========================================================================
Received Import Request.
  path: Assets/CallingPython.cs
  artifactKey: Guid(c08ff44ea0c41804da3c1f79813ec12a) Importer(815301076,1909f56bfc062723c751e8b465ee728b)
Start importing Assets/CallingPython.cs using Guid(c08ff44ea0c41804da3c1f79813ec12a) Importer(815301076,1909f56bfc062723c751e8b465ee728b)  -> (artifact id: '1d5dec69f3aebedd3c3ff932b372a34f') in 0.032605 seconds 
========================================================================
Received Prepare
Registering precompiled user dll's ...
Registered in 0.003753 seconds.
Begin MonoManager ReloadAssembly
Symbol file LoadedFromMemory doesn't match image C:\Users\Jacob Bream\Documents\Biomojo\Unipy\Unipy\Library\PackageCache\com.unity.visualscripting@1.6.1\Editor\VisualScripting.Core\Dependencies\YamlDotNet\Unity.VisualScripting.YamlDotNet.dll
Symbol file LoadedFromMemory doesn't match image C:\Users\Jacob Bream\Documents\Biomojo\Unipy\Unipy\Library\PackageCache\com.unity.visualscripting@1.6.1\Editor\VisualScripting.Core\Dependencies\DotNetZip\Unity.VisualScripting.IonicZip.dll
Native extension for WindowsStandalone target not found
Refreshing native plugins compatible for Editor in 0.46 ms, found 1 plugins.
Preloading 0 native plugins for Editor in 0.00 ms.
Mono: successfully reloaded assembly
- Completed reload, in  1.002 seconds
Platform modules already initialized, skipping
Refreshing native plugins compatible for Editor in 0.88 ms, found 1 plugins.
Preloading 0 native plugins for Editor in 0.00 ms.
Unloading 2679 Unused Serialized files (Serialized files now loaded: 0)
System memory in use before: 98.8 MB.
System memory in use after: 99.0 MB.

Unloading 12 unused Assets to reduce memory usage. Loaded Objects now: 3139.
Total: 4.283800 ms (FindLiveObjects: 0.696900 ms CreateObjectMapping: 0.271500 ms MarkObjects: 3.212000 ms  DeleteObjects: 0.101100 ms)

========================================================================
Received Prepare
Registering precompiled user dll's ...
Registered in 0.005113 seconds.
Begin MonoManager ReloadAssembly
Symbol file LoadedFromMemory doesn't match image C:\Users\Jacob Bream\Documents\Biomojo\Unipy\Unipy\Library\PackageCache\com.unity.visualscripting@1.6.1\Editor\VisualScripting.Core\Dependencies\YamlDotNet\Unity.VisualScripting.YamlDotNet.dll
Symbol file LoadedFromMemory doesn't match image C:\Users\Jacob Bream\Documents\Biomojo\Unipy\Unipy\Library\PackageCache\com.unity.visualscripting@1.6.1\Editor\VisualScripting.Core\Dependencies\DotNetZip\Unity.VisualScripting.IonicZip.dll
Native extension for WindowsStandalone target not found
Refreshing native plugins compatible for Editor in 0.73 ms, found 1 plugins.
Preloading 0 native plugins for Editor in 0.00 ms.
Mono: successfully reloaded assembly
- Completed reload, in  0.918 seconds
Platform modules already initialized, skipping
Refreshing native plugins compatible for Editor in 0.47 ms, found 1 plugins.
Preloading 0 native plugins for Editor in 0.00 ms.
Unloading 2679 Unused Serialized files (Serialized files now loaded: 0)
System memory in use before: 98.8 MB.
System memory in use after: 99.0 MB.

Unloading 12 unused Assets to reduce memory usage. Loaded Objects now: 3142.
Total: 2.038700 ms (FindLiveObjects: 0.278800 ms CreateObjectMapping: 0.117300 ms MarkObjects: 1.591500 ms  DeleteObjects: 0.050100 ms)

========================================================================
Received Import Request.
  Time since last request: 2102.207651 seconds.
  path: Assets/Python Reference.asmref
  artifactKey: Guid(62720e16cc4aabe429ccf082df04463d) Importer(815301076,1909f56bfc062723c751e8b465ee728b)
Start importing Assets/Python Reference.asmref using Guid(62720e16cc4aabe429ccf082df04463d) Importer(815301076,1909f56bfc062723c751e8b465ee728b)  -> (artifact id: '9b442e6931468da987d2a9ef1b6723ff') in 0.013928 seconds 
========================================================================
Received Import Request.
  Time since last request: 7.964747 seconds.
  path: Assets/Python Reference.asmref
  artifactKey: Guid(62720e16cc4aabe429ccf082df04463d) Importer(815301076,1909f56bfc062723c751e8b465ee728b)
Start importing Assets/Python Reference.asmref using Guid(62720e16cc4aabe429ccf082df04463d) Importer(815301076,1909f56bfc062723c751e8b465ee728b)  -> (artifact id: 'd3c0e4e670ac162e7f0ec3045c34ed90') in 0.002247 seconds 
========================================================================
Received Prepare
Registering precompiled user dll's ...
Registered in 0.003428 seconds.
Begin MonoManager ReloadAssembly
Symbol file LoadedFromMemory doesn't match image C:\Users\Jacob Bream\Documents\Biomojo\Unipy\Unipy\Library\PackageCache\com.unity.visualscripting@1.6.1\Editor\VisualScripting.Core\Dependencies\YamlDotNet\Unity.VisualScripting.YamlDotNet.dll
Symbol file LoadedFromMemory doesn't match image C:\Users\Jacob Bream\Documents\Biomojo\Unipy\Unipy\Library\PackageCache\com.unity.visualscripting@1.6.1\Editor\VisualScripting.Core\Dependencies\DotNetZip\Unity.VisualScripting.IonicZip.dll
Native extension for WindowsStandalone target not found
Refreshing native plugins compatible for Editor in 0.44 ms, found 1 plugins.
Preloading 0 native plugins for Editor in 0.00 ms.
Mono: successfully reloaded assembly
- Completed reload, in  0.800 seconds
Platform modules already initialized, skipping
Refreshing native plugins compatible for Editor in 0.63 ms, found 1 plugins.
Preloading 0 native plugins for Editor in 0.00 ms.
Unloading 2679 Unused Serialized files (Serialized files now loaded: 0)
System memory in use before: 98.8 MB.
System memory in use after: 99.0 MB.

Unloading 12 unused Assets to reduce memory usage. Loaded Objects now: 3145.
Total: 2.521700 ms (FindLiveObjects: 0.204200 ms CreateObjectMapping: 0.095200 ms MarkObjects: 2.169800 ms  DeleteObjects: 0.051700 ms)

========================================================================
Received Prepare
Refreshing native plugins compatible for Editor in 2.12 ms, found 1 plugins.
Preloading 0 native plugins for Editor in 0.00 ms.
Unloading 10 Unused Serialized files (Serialized files now loaded: 0)
System memory in use before: 46.0 MB.
System memory in use after: 46.2 MB.

Unloading 10 unused Assets to reduce memory usage. Loaded Objects now: 3145.
Total: 2.224900 ms (FindLiveObjects: 0.249100 ms CreateObjectMapping: 0.169100 ms MarkObjects: 1.764700 ms  DeleteObjects: 0.041400 ms)

========================================================================
Received Prepare
Registering precompiled user dll's ...
Registered in 0.003710 seconds.
Begin MonoManager ReloadAssembly
Symbol file LoadedFromMemory doesn't match image C:\Users\Jacob Bream\Documents\Biomojo\Unipy\Unipy\Library\PackageCache\com.unity.visualscripting@1.6.1\Editor\VisualScripting.Core\Dependencies\YamlDotNet\Unity.VisualScripting.YamlDotNet.dll
Symbol file LoadedFromMemory doesn't match image C:\Users\Jacob Bream\Documents\Biomojo\Unipy\Unipy\Library\PackageCache\com.unity.visualscripting@1.6.1\Editor\VisualScripting.Core\Dependencies\DotNetZip\Unity.VisualScripting.IonicZip.dll
Native extension for WindowsStandalone target not found
Refreshing native plugins compatible for Editor in 0.46 ms, found 1 plugins.
Preloading 0 native plugins for Editor in 0.00 ms.
Mono: successfully reloaded assembly
- Completed reload, in  0.827 seconds
Platform modules already initialized, skipping
Refreshing native plugins compatible for Editor in 0.91 ms, found 1 plugins.
Preloading 0 native plugins for Editor in 0.00 ms.
Unloading 2679 Unused Serialized files (Serialized files now loaded: 0)
System memory in use before: 98.9 MB.
System memory in use after: 99.1 MB.

Unloading 12 unused Assets to reduce memory usage. Loaded Objects now: 3148.
Total: 2.490900 ms (FindLiveObjects: 0.413500 ms CreateObjectMapping: 0.153500 ms MarkObjects: 1.857700 ms  DeleteObjects: 0.065400 ms)

========================================================================
Received Prepare
Refreshing native plugins compatible for Editor in 2.41 ms, found 1 plugins.
Preloading 0 native plugins for Editor in 0.00 ms.
Unloading 10 Unused Serialized files (Serialized files now loaded: 0)
System memory in use before: 46.0 MB.
System memory in use after: 46.2 MB.

Unloading 10 unused Assets to reduce memory usage. Loaded Objects now: 3148.
Total: 2.115100 ms (FindLiveObjects: 0.208300 ms CreateObjectMapping: 0.107500 ms MarkObjects: 1.760700 ms  DeleteObjects: 0.038000 ms)

========================================================================
Received Prepare
Registering precompiled user dll's ...
Registered in 0.003837 seconds.
Begin MonoManager ReloadAssembly
Symbol file LoadedFromMemory doesn't match image C:\Users\Jacob Bream\Documents\Biomojo\Unipy\Unipy\Library\PackageCache\com.unity.visualscripting@1.6.1\Editor\VisualScripting.Core\Dependencies\YamlDotNet\Unity.VisualScripting.YamlDotNet.dll
Symbol file LoadedFromMemory doesn't match image C:\Users\Jacob Bream\Documents\Biomojo\Unipy\Unipy\Library\PackageCache\com.unity.visualscripting@1.6.1\Editor\VisualScripting.Core\Dependencies\DotNetZip\Unity.VisualScripting.IonicZip.dll
Native extension for WindowsStandalone target not found
Refreshing native plugins compatible for Editor in 0.44 ms, found 1 plugins.
Preloading 0 native plugins for Editor in 0.00 ms.
Mono: successfully reloaded assembly
- Completed reload, in  0.887 seconds
Platform modules already initialized, skipping
Refreshing native plugins compatible for Editor in 0.46 ms, found 1 plugins.
Preloading 0 native plugins for Editor in 0.00 ms.
Unloading 2679 Unused Serialized files (Serialized files now loaded: 0)
System memory in use before: 98.9 MB.
System memory in use after: 99.1 MB.

Unloading 12 unused Assets to reduce memory usage. Loaded Objects now: 3151.
Total: 2.181600 ms (FindLiveObjects: 0.348100 ms CreateObjectMapping: 0.244200 ms MarkObjects: 1.546600 ms  DeleteObjects: 0.041600 ms)

========================================================================
Received Prepare
Registering precompiled user dll's ...
Registered in 0.003612 seconds.
Begin MonoManager ReloadAssembly
Symbol file LoadedFromMemory doesn't match image C:\Users\Jacob Bream\Documents\Biomojo\Unipy\Unipy\Library\PackageCache\com.unity.visualscripting@1.6.1\Editor\VisualScripting.Core\Dependencies\YamlDotNet\Unity.VisualScripting.YamlDotNet.dll
Symbol file LoadedFromMemory doesn't match image C:\Users\Jacob Bream\Documents\Biomojo\Unipy\Unipy\Library\PackageCache\com.unity.visualscripting@1.6.1\Editor\VisualScripting.Core\Dependencies\DotNetZip\Unity.VisualScripting.IonicZip.dll
Native extension for WindowsStandalone target not found
Refreshing native plugins compatible for Editor in 0.43 ms, found 1 plugins.
Preloading 0 native plugins for Editor in 0.00 ms.
Mono: successfully reloaded assembly
- Completed reload, in  0.771 seconds
Platform modules already initialized, skipping
Refreshing native plugins compatible for Editor in 0.43 ms, found 1 plugins.
Preloading 0 native plugins for Editor in 0.00 ms.
Unloading 2679 Unused Serialized files (Serialized files now loaded: 0)
System memory in use before: 98.9 MB.
System memory in use after: 99.1 MB.

Unloading 12 unused Assets to reduce memory usage. Loaded Objects now: 3154.
Total: 2.026200 ms (FindLiveObjects: 0.202500 ms CreateObjectMapping: 0.107700 ms MarkObjects: 1.679900 ms  DeleteObjects: 0.035300 ms)

========================================================================
Received Prepare
Refreshing native plugins compatible for Editor in 2.21 ms, found 1 plugins.
Preloading 0 native plugins for Editor in 0.00 ms.
Unloading 10 Unused Serialized files (Serialized files now loaded: 0)
System memory in use before: 46.1 MB.
System memory in use after: 46.3 MB.

Unloading 10 unused Assets to reduce memory usage. Loaded Objects now: 3154.
Total: 1.712700 ms (FindLiveObjects: 0.208800 ms CreateObjectMapping: 0.119800 ms MarkObjects: 1.344400 ms  DeleteObjects: 0.038600 ms)

========================================================================
Received Import Request.
  Time since last request: 627.859080 seconds.
  path: Assets/script.py
  artifactKey: Guid(d0a9ac721911cde498db5dc5c673fa08) Importer(815301076,1909f56bfc062723c751e8b465ee728b)
Start importing Assets/script.py using Guid(d0a9ac721911cde498db5dc5c673fa08) Importer(815301076,1909f56bfc062723c751e8b465ee728b)  -> (artifact id: 'de61ec753376baabe98eb672ab901c66') in 0.025500 seconds 
========================================================================
Received Import Request.
  Time since last request: 30.354036 seconds.
  path: Assets/CallingPython.cs
  artifactKey: Guid(c08ff44ea0c41804da3c1f79813ec12a) Importer(815301076,1909f56bfc062723c751e8b465ee728b)
Start importing Assets/CallingPython.cs using Guid(c08ff44ea0c41804da3c1f79813ec12a) Importer(815301076,1909f56bfc062723c751e8b465ee728b)  -> (artifact id: '49601f7e23103fb5f97595e7e32bf612') in 0.008044 seconds 
========================================================================
Received Prepare
Refreshing native plugins compatible for Editor in 2.00 ms, found 1 plugins.
Preloading 0 native plugins for Editor in 0.00 ms.
Unloading 10 Unused Serialized files (Serialized files now loaded: 0)
System memory in use before: 46.1 MB.
System memory in use after: 46.3 MB.

Unloading 10 unused Assets to reduce memory usage. Loaded Objects now: 3154.
Total: 2.230600 ms (FindLiveObjects: 0.190500 ms CreateObjectMapping: 0.115500 ms MarkObjects: 1.890400 ms  DeleteObjects: 0.033700 ms)

========================================================================
Received Prepare
Registering precompiled user dll's ...
Registered in 0.003463 seconds.
Begin MonoManager ReloadAssembly
Symbol file LoadedFromMemory doesn't match image C:\Users\Jacob Bream\Documents\Biomojo\Unipy\Unipy\Library\PackageCache\com.unity.visualscripting@1.6.1\Editor\VisualScripting.Core\Dependencies\YamlDotNet\Unity.VisualScripting.YamlDotNet.dll
Symbol file LoadedFromMemory doesn't match image C:\Users\Jacob Bream\Documents\Biomojo\Unipy\Unipy\Library\PackageCache\com.unity.visualscripting@1.6.1\Editor\VisualScripting.Core\Dependencies\DotNetZip\Unity.VisualScripting.IonicZip.dll
Native extension for WindowsStandalone target not found
Refreshing native plugins compatible for Editor in 0.43 ms, found 1 plugins.
Preloading 0 native plugins for Editor in 0.00 ms.
Mono: successfully reloaded assembly
- Completed reload, in  0.798 seconds
Platform modules already initialized, skipping
Refreshing native plugins compatible for Editor in 0.52 ms, found 1 plugins.
Preloading 0 native plugins for Editor in 0.00 ms.
Unloading 2679 Unused Serialized files (Serialized files now loaded: 0)
System memory in use before: 99.0 MB.
System memory in use after: 99.1 MB.

Unloading 12 unused Assets to reduce memory usage. Loaded Objects now: 3157.
Total: 1.897300 ms (FindLiveObjects: 0.209400 ms CreateObjectMapping: 0.106100 ms MarkObjects: 1.540900 ms  DeleteObjects: 0.039900 ms)

========================================================================
Received Import Request.
  Time since last request: 159.003527 seconds.
  path: Assets/CallingPython.cs
  artifactKey: Guid(c08ff44ea0c41804da3c1f79813ec12a) Importer(815301076,1909f56bfc062723c751e8b465ee728b)
Start importing Assets/CallingPython.cs using Guid(c08ff44ea0c41804da3c1f79813ec12a) Importer(815301076,1909f56bfc062723c751e8b465ee728b)  -> (artifact id: 'b309cf849f9147afce2f1fe5d8f07ff2') in 0.005112 seconds 
========================================================================
Received Prepare
Refreshing native plugins compatible for Editor in 2.45 ms, found 1 plugins.
Preloading 0 native plugins for Editor in 0.00 ms.
Unloading 10 Unused Serialized files (Serialized files now loaded: 0)
System memory in use before: 46.1 MB.
System memory in use after: 46.3 MB.

Unloading 10 unused Assets to reduce memory usage. Loaded Objects now: 3157.
Total: 2.059600 ms (FindLiveObjects: 0.222100 ms CreateObjectMapping: 0.163400 ms MarkObjects: 1.622100 ms  DeleteObjects: 0.051300 ms)

========================================================================
Received Prepare
Refreshing native plugins compatible for Editor in 2.02 ms, found 1 plugins.
Preloading 0 native plugins for Editor in 0.00 ms.
Unloading 10 Unused Serialized files (Serialized files now loaded: 0)
System memory in use before: 46.1 MB.
System memory in use after: 46.3 MB.

Unloading 10 unused Assets to reduce memory usage. Loaded Objects now: 3157.
Total: 1.928800 ms (FindLiveObjects: 0.227100 ms CreateObjectMapping: 0.135300 ms MarkObjects: 1.531200 ms  DeleteObjects: 0.034500 ms)

========================================================================
Received Prepare
Registering precompiled user dll's ...
Registered in 0.003965 seconds.
Begin MonoManager ReloadAssembly
Symbol file LoadedFromMemory doesn't match image C:\Users\Jacob Bream\Documents\Biomojo\Unipy\Unipy\Library\PackageCache\com.unity.visualscripting@1.6.1\Editor\VisualScripting.Core\Dependencies\YamlDotNet\Unity.VisualScripting.YamlDotNet.dll
Symbol file LoadedFromMemory doesn't match image C:\Users\Jacob Bream\Documents\Biomojo\Unipy\Unipy\Library\PackageCache\com.unity.visualscripting@1.6.1\Editor\VisualScripting.Core\Dependencies\DotNetZip\Unity.VisualScripting.IonicZip.dll
Native extension for WindowsStandalone target not found
Refreshing native plugins compatible for Editor in 0.46 ms, found 1 plugins.
Preloading 0 native plugins for Editor in 0.00 ms.
Mono: successfully reloaded assembly
- Completed reload, in  0.823 seconds
Platform modules already initialized, skipping
Refreshing native plugins compatible for Editor in 0.44 ms, found 1 plugins.
Preloading 0 native plugins for Editor in 0.00 ms.
Unloading 2679 Unused Serialized files (Serialized files now loaded: 0)
System memory in use before: 99.0 MB.
System memory in use after: 99.2 MB.

Unloading 12 unused Assets to reduce memory usage. Loaded Objects now: 3160.
Total: 2.107200 ms (FindLiveObjects: 0.213800 ms CreateObjectMapping: 0.098800 ms MarkObjects: 1.747400 ms  DeleteObjects: 0.046400 ms)

========================================================================
Received Prepare
Registering precompiled user dll's ...
Registered in 0.003614 seconds.
Begin MonoManager ReloadAssembly
Symbol file LoadedFromMemory doesn't match image C:\Users\Jacob Bream\Documents\Biomojo\Unipy\Unipy\Library\PackageCache\com.unity.visualscripting@1.6.1\Editor\VisualScripting.Core\Dependencies\YamlDotNet\Unity.VisualScripting.YamlDotNet.dll
Symbol file LoadedFromMemory doesn't match image C:\Users\Jacob Bream\Documents\Biomojo\Unipy\Unipy\Library\PackageCache\com.unity.visualscripting@1.6.1\Editor\VisualScripting.Core\Dependencies\DotNetZip\Unity.VisualScripting.IonicZip.dll
Native extension for WindowsStandalone target not found
Refreshing native plugins compatible for Editor in 0.45 ms, found 1 plugins.
Preloading 0 native plugins for Editor in 0.00 ms.
Mono: successfully reloaded assembly
- Completed reload, in  0.807 seconds
Platform modules already initialized, skipping
Refreshing native plugins compatible for Editor in 0.52 ms, found 1 plugins.
Preloading 0 native plugins for Editor in 0.00 ms.
Unloading 2679 Unused Serialized files (Serialized files now loaded: 0)
System memory in use before: 99.0 MB.
System memory in use after: 99.2 MB.

Unloading 12 unused Assets to reduce memory usage. Loaded Objects now: 3163.
Total: 1.909500 ms (FindLiveObjects: 0.200900 ms CreateObjectMapping: 0.117100 ms MarkObjects: 1.554400 ms  DeleteObjects: 0.036400 ms)

========================================================================
Received Prepare
Refreshing native plugins compatible for Editor in 2.23 ms, found 1 plugins.
Preloading 0 native plugins for Editor in 0.00 ms.
Unloading 10 Unused Serialized files (Serialized files now loaded: 0)
System memory in use before: 46.1 MB.
System memory in use after: 46.3 MB.

Unloading 10 unused Assets to reduce memory usage. Loaded Objects now: 3163.
Total: 1.852300 ms (FindLiveObjects: 0.210100 ms CreateObjectMapping: 0.126600 ms MarkObjects: 1.479200 ms  DeleteObjects: 0.035600 ms)

========================================================================
Received Prepare
Registering precompiled user dll's ...
Registered in 0.003587 seconds.
Begin MonoManager ReloadAssembly
Symbol file LoadedFromMemory doesn't match image C:\Users\Jacob Bream\Documents\Biomojo\Unipy\Unipy\Library\PackageCache\com.unity.visualscripting@1.6.1\Editor\VisualScripting.Core\Dependencies\YamlDotNet\Unity.VisualScripting.YamlDotNet.dll
Symbol file LoadedFromMemory doesn't match image C:\Users\Jacob Bream\Documents\Biomojo\Unipy\Unipy\Library\PackageCache\com.unity.visualscripting@1.6.1\Editor\VisualScripting.Core\Dependencies\DotNetZip\Unity.VisualScripting.IonicZip.dll
Native extension for WindowsStandalone target not found
Refreshing native plugins compatible for Editor in 0.44 ms, found 1 plugins.
Preloading 0 native plugins for Editor in 0.00 ms.
Mono: successfully reloaded assembly
- Completed reload, in  0.815 seconds
Platform modules already initialized, skipping
Refreshing native plugins compatible for Editor in 0.44 ms, found 1 plugins.
Preloading 0 native plugins for Editor in 0.00 ms.
Unloading 2679 Unused Serialized files (Serialized files now loaded: 0)
System memory in use before: 99.0 MB.
System memory in use after: 99.2 MB.

Unloading 12 unused Assets to reduce memory usage. Loaded Objects now: 3166.
Total: 2.138400 ms (FindLiveObjects: 0.211100 ms CreateObjectMapping: 0.096800 ms MarkObjects: 1.788500 ms  DeleteObjects: 0.041300 ms)

========================================================================
Received Prepare
Refreshing native plugins compatible for Editor in 2.33 ms, found 1 plugins.
Preloading 0 native plugins for Editor in 0.00 ms.
Unloading 10 Unused Serialized files (Serialized files now loaded: 0)
System memory in use before: 46.1 MB.
System memory in use after: 46.3 MB.

Unloading 10 unused Assets to reduce memory usage. Loaded Objects now: 3166.
Total: 2.502900 ms (FindLiveObjects: 0.215800 ms CreateObjectMapping: 0.122900 ms MarkObjects: 2.118200 ms  DeleteObjects: 0.044800 ms)

========================================================================
Received Prepare
Registering precompiled user dll's ...
Registered in 0.003634 seconds.
Begin MonoManager ReloadAssembly
Symbol file LoadedFromMemory doesn't match image C:\Users\Jacob Bream\Documents\Biomojo\Unipy\Unipy\Library\PackageCache\com.unity.visualscripting@1.6.1\Editor\VisualScripting.Core\Dependencies\YamlDotNet\Unity.VisualScripting.YamlDotNet.dll
Symbol file LoadedFromMemory doesn't match image C:\Users\Jacob Bream\Documents\Biomojo\Unipy\Unipy\Library\PackageCache\com.unity.visualscripting@1.6.1\Editor\VisualScripting.Core\Dependencies\DotNetZip\Unity.VisualScripting.IonicZip.dll
Native extension for WindowsStandalone target not found
Refreshing native plugins compatible for Editor in 0.48 ms, found 1 plugins.
Preloading 0 native plugins for Editor in 0.00 ms.
Mono: successfully reloaded assembly
- Completed reload, in  0.808 seconds
Platform modules already initialized, skipping
Refreshing native plugins compatible for Editor in 0.45 ms, found 1 plugins.
Preloading 0 native plugins for Editor in 0.00 ms.
Unloading 2679 Unused Serialized files (Serialized files now loaded: 0)
System memory in use before: 99.0 MB.
System memory in use after: 99.2 MB.

Unloading 12 unused Assets to reduce memory usage. Loaded Objects now: 3169.
Total: 2.712300 ms (FindLiveObjects: 0.236500 ms CreateObjectMapping: 0.113100 ms MarkObjects: 2.307100 ms  DeleteObjects: 0.054700 ms)

========================================================================
Received Prepare
Refreshing native plugins compatible for Editor in 2.31 ms, found 1 plugins.
Preloading 0 native plugins for Editor in 0.00 ms.
Unloading 10 Unused Serialized files (Serialized files now loaded: 0)
System memory in use before: 46.1 MB.
System memory in use after: 46.3 MB.

Unloading 10 unused Assets to reduce memory usage. Loaded Objects now: 3169.
Total: 2.482300 ms (FindLiveObjects: 0.251900 ms CreateObjectMapping: 0.133800 ms MarkObjects: 2.047700 ms  DeleteObjects: 0.047900 ms)

========================================================================
Received Prepare
Registering precompiled user dll's ...
Registered in 0.003701 seconds.
Begin MonoManager ReloadAssembly
Symbol file LoadedFromMemory doesn't match image C:\Users\Jacob Bream\Documents\Biomojo\Unipy\Unipy\Library\PackageCache\com.unity.visualscripting@1.6.1\Editor\VisualScripting.Core\Dependencies\YamlDotNet\Unity.VisualScripting.YamlDotNet.dll
Symbol file LoadedFromMemory doesn't match image C:\Users\Jacob Bream\Documents\Biomojo\Unipy\Unipy\Library\PackageCache\com.unity.visualscripting@1.6.1\Editor\VisualScripting.Core\Dependencies\DotNetZip\Unity.VisualScripting.IonicZip.dll
Native extension for WindowsStandalone target not found
Refreshing native plugins compatible for Editor in 0.46 ms, found 1 plugins.
Preloading 0 native plugins for Editor in 0.00 ms.
Mono: successfully reloaded assembly
- Completed reload, in  0.961 seconds
Platform modules already initialized, skipping
Refreshing native plugins compatible for Editor in 0.43 ms, found 1 plugins.
Preloading 0 native plugins for Editor in 0.00 ms.
Unloading 2679 Unused Serialized files (Serialized files now loaded: 0)
System memory in use before: 99.0 MB.
System memory in use after: 99.2 MB.

Unloading 12 unused Assets to reduce memory usage. Loaded Objects now: 3172.
Total: 1.867700 ms (FindLiveObjects: 0.233400 ms CreateObjectMapping: 0.099100 ms MarkObjects: 1.484900 ms  DeleteObjects: 0.049400 ms)

========================================================================
Received Prepare
Refreshing native plugins compatible for Editor in 2.16 ms, found 1 plugins.
Preloading 0 native plugins for Editor in 0.00 ms.
Unloading 10 Unused Serialized files (Serialized files now loaded: 0)
System memory in use before: 46.1 MB.
System memory in use after: 46.3 MB.

Unloading 10 unused Assets to reduce memory usage. Loaded Objects now: 3172.
Total: 2.159900 ms (FindLiveObjects: 0.192500 ms CreateObjectMapping: 0.111200 ms MarkObjects: 1.815700 ms  DeleteObjects: 0.039700 ms)

========================================================================
Received Prepare
Refreshing native plugins compatible for Editor in 2.14 ms, found 1 plugins.
Preloading 0 native plugins for Editor in 0.00 ms.
Unloading 10 Unused Serialized files (Serialized files now loaded: 0)
System memory in use before: 46.1 MB.
System memory in use after: 46.3 MB.

Unloading 10 unused Assets to reduce memory usage. Loaded Objects now: 3172.
Total: 2.090800 ms (FindLiveObjects: 0.214800 ms CreateObjectMapping: 0.106600 ms MarkObjects: 1.733600 ms  DeleteObjects: 0.035200 ms)

========================================================================
Received Prepare
Registering precompiled user dll's ...
Registered in 0.004806 seconds.
Begin MonoManager ReloadAssembly
Symbol file LoadedFromMemory doesn't match image C:\Users\Jacob Bream\Documents\Biomojo\Unipy\Unipy\Library\PackageCache\com.unity.visualscripting@1.6.1\Editor\VisualScripting.Core\Dependencies\YamlDotNet\Unity.VisualScripting.YamlDotNet.dll
Symbol file LoadedFromMemory doesn't match image C:\Users\Jacob Bream\Documents\Biomojo\Unipy\Unipy\Library\PackageCache\com.unity.visualscripting@1.6.1\Editor\VisualScripting.Core\Dependencies\DotNetZip\Unity.VisualScripting.IonicZip.dll
Native extension for WindowsStandalone target not found
Refreshing native plugins compatible for Editor in 0.88 ms, found 1 plugins.
Preloading 0 native plugins for Editor in 0.00 ms.
Mono: successfully reloaded assembly
- Completed reload, in  0.781 seconds
Platform modules already initialized, skipping
Refreshing native plugins compatible for Editor in 0.46 ms, found 1 plugins.
Preloading 0 native plugins for Editor in 0.00 ms.
Unloading 2679 Unused Serialized files (Serialized files now loaded: 0)
System memory in use before: 99.0 MB.
System memory in use after: 99.2 MB.

Unloading 12 unused Assets to reduce memory usage. Loaded Objects now: 3175.
Total: 2.012600 ms (FindLiveObjects: 0.244000 ms CreateObjectMapping: 0.150200 ms MarkObjects: 1.578700 ms  DeleteObjects: 0.039100 ms)

========================================================================
Received Prepare
Refreshing native plugins compatible for Editor in 2.27 ms, found 1 plugins.
Preloading 0 native plugins for Editor in 0.00 ms.
Unloading 10 Unused Serialized files (Serialized files now loaded: 0)
System memory in use before: 46.1 MB.
System memory in use after: 46.3 MB.

Unloading 10 unused Assets to reduce memory usage. Loaded Objects now: 3175.
Total: 2.166600 ms (FindLiveObjects: 0.211100 ms CreateObjectMapping: 0.130800 ms MarkObjects: 1.786500 ms  DeleteObjects: 0.037500 ms)

========================================================================
Received Import Request.
  Time since last request: 1221.261746 seconds.
  path: Assets/New Scene.unity
  artifactKey: Guid(3eea7204de373c24cab4d793b9809f65) Importer(815301076,1909f56bfc062723c751e8b465ee728b)
Start importing Assets/New Scene.unity using Guid(3eea7204de373c24cab4d793b9809f65) Importer(815301076,1909f56bfc062723c751e8b465ee728b)  -> (artifact id: '4b93e0f0ec5610207bac092466ecfd9d') in 0.025726 seconds 
========================================================================
Received Import Request.
  Time since last request: 4.059802 seconds.
  path: Assets/Scenes
  artifactKey: Guid(dbec9da64cbde6746b50ed360d121e10) Importer(815301076,1909f56bfc062723c751e8b465ee728b)
Start importing Assets/Scenes using Guid(dbec9da64cbde6746b50ed360d121e10) Importer(815301076,1909f56bfc062723c751e8b465ee728b)  -> (artifact id: 'a2019fccf08fe2250c70a015c13d5f67') in 0.017947 seconds 
========================================================================
Received Import Request.
  Time since last request: 10.583779 seconds.
  path: Assets/Scenes/Scene.unity
  artifactKey: Guid(989113c058faa7d4f82d87c1a0c83676) Importer(815301076,1909f56bfc062723c751e8b465ee728b)
Start importing Assets/Scenes/Scene.unity using Guid(989113c058faa7d4f82d87c1a0c83676) Importer(815301076,1909f56bfc062723c751e8b465ee728b)  -> (artifact id: '867444ac6b630a0b7ce70307a76903e7') in 0.008495 seconds 
========================================================================
Received Import Request.
  Time since last request: 1.449951 seconds.
  path: Assets/Scenes/SampleScene.unity
  artifactKey: Guid(9fc0d4010bbf28b4594072e72b8655ab) Importer(815301076,1909f56bfc062723c751e8b465ee728b)
Start importing Assets/Scenes/SampleScene.unity using Guid(9fc0d4010bbf28b4594072e72b8655ab) Importer(815301076,1909f56bfc062723c751e8b465ee728b)  -> (artifact id: 'd314c0fa3d2c8ad6cc286398b4d7206b') in 0.008994 seconds 
========================================================================
Received Prepare
Refreshing native plugins compatible for Editor in 2.30 ms, found 1 plugins.
Preloading 0 native plugins for Editor in 0.00 ms.
Unloading 10 Unused Serialized files (Serialized files now loaded: 0)
System memory in use before: 46.1 MB.
System memory in use after: 46.3 MB.

Unloading 10 unused Assets to reduce memory usage. Loaded Objects now: 3175.
Total: 2.620800 ms (FindLiveObjects: 0.252200 ms CreateObjectMapping: 0.154100 ms MarkObjects: 2.154900 ms  DeleteObjects: 0.058600 ms)

========================================================================
Received Prepare
Refreshing native plugins compatible for Editor in 2.06 ms, found 1 plugins.
Preloading 0 native plugins for Editor in 0.00 ms.
Unloading 10 Unused Serialized files (Serialized files now loaded: 0)
System memory in use before: 46.1 MB.
System memory in use after: 46.3 MB.

Unloading 10 unused Assets to reduce memory usage. Loaded Objects now: 3175.
Total: 2.085100 ms (FindLiveObjects: 0.202800 ms CreateObjectMapping: 0.134500 ms MarkObjects: 1.712500 ms  DeleteObjects: 0.034600 ms)

========================================================================
Received Prepare
Registering precompiled user dll's ...
Registered in 0.003453 seconds.
Begin MonoManager ReloadAssembly
Symbol file LoadedFromMemory doesn't match image C:\Users\Jacob Bream\Documents\Biomojo\Unipy\Unipy\Library\PackageCache\com.unity.visualscripting@1.6.1\Editor\VisualScripting.Core\Dependencies\YamlDotNet\Unity.VisualScripting.YamlDotNet.dll
Symbol file LoadedFromMemory doesn't match image C:\Users\Jacob Bream\Documents\Biomojo\Unipy\Unipy\Library\PackageCache\com.unity.visualscripting@1.6.1\Editor\VisualScripting.Core\Dependencies\DotNetZip\Unity.VisualScripting.IonicZip.dll
Native extension for WindowsStandalone target not found
Refreshing native plugins compatible for Editor in 0.48 ms, found 1 plugins.
Preloading 0 native plugins for Editor in 0.00 ms.
Mono: successfully reloaded assembly
- Completed reload, in  0.802 seconds
Platform modules already initialized, skipping
Refreshing native plugins compatible for Editor in 0.45 ms, found 1 plugins.
Preloading 0 native plugins for Editor in 0.00 ms.
Unloading 2679 Unused Serialized files (Serialized files now loaded: 0)
System memory in use before: 99.0 MB.
System memory in use after: 99.2 MB.

Unloading 12 unused Assets to reduce memory usage. Loaded Objects now: 3178.
Total: 1.965400 ms (FindLiveObjects: 0.228400 ms CreateObjectMapping: 0.106800 ms MarkObjects: 1.581700 ms  DeleteObjects: 0.047800 ms)

========================================================================
Received Import Request.
  Time since last request: 133.258642 seconds.
  path: Assets/Scenes/Scene.unity
  artifactKey: Guid(989113c058faa7d4f82d87c1a0c83676) Importer(815301076,1909f56bfc062723c751e8b465ee728b)
Start importing Assets/Scenes/Scene.unity using Guid(989113c058faa7d4f82d87c1a0c83676) Importer(815301076,1909f56bfc062723c751e8b465ee728b)  -> (artifact id: '0cf29f02a917643bc3c774a5c7936e75') in 0.011109 seconds 
========================================================================
Received Import Request.
  Time since last request: 121.202078 seconds.
  path: Assets/CallingPython.cs
  artifactKey: Guid(c08ff44ea0c41804da3c1f79813ec12a) Importer(815301076,1909f56bfc062723c751e8b465ee728b)
Start importing Assets/CallingPython.cs using Guid(c08ff44ea0c41804da3c1f79813ec12a) Importer(815301076,1909f56bfc062723c751e8b465ee728b)  -> (artifact id: 'e1dec5c0f75e9c121fd81e48bf6f95a5') in 0.001946 seconds 
========================================================================
Received Prepare
Registering precompiled user dll's ...
Registered in 0.003686 seconds.
Begin MonoManager ReloadAssembly
Symbol file LoadedFromMemory doesn't match image C:\Users\Jacob Bream\Documents\Biomojo\Unipy\Unipy\Library\PackageCache\com.unity.visualscripting@1.6.1\Editor\VisualScripting.Core\Dependencies\YamlDotNet\Unity.VisualScripting.YamlDotNet.dll
Symbol file LoadedFromMemory doesn't match image C:\Users\Jacob Bream\Documents\Biomojo\Unipy\Unipy\Library\PackageCache\com.unity.visualscripting@1.6.1\Editor\VisualScripting.Core\Dependencies\DotNetZip\Unity.VisualScripting.IonicZip.dll
Native extension for WindowsStandalone target not found
Refreshing native plugins compatible for Editor in 0.50 ms, found 1 plugins.
Preloading 0 native plugins for Editor in 0.00 ms.
Mono: successfully reloaded assembly
- Completed reload, in  0.833 seconds
Platform modules already initialized, skipping
Refreshing native plugins compatible for Editor in 0.43 ms, found 1 plugins.
Preloading 0 native plugins for Editor in 0.00 ms.
Unloading 2679 Unused Serialized files (Serialized files now loaded: 0)
System memory in use before: 99.0 MB.
System memory in use after: 99.2 MB.

Unloading 12 unused Assets to reduce memory usage. Loaded Objects now: 3181.
Total: 1.919500 ms (FindLiveObjects: 0.199200 ms CreateObjectMapping: 0.094000 ms MarkObjects: 1.591300 ms  DeleteObjects: 0.034300 ms)

========================================================================
Received Prepare
Registering precompiled user dll's ...
Registered in 0.003567 seconds.
Begin MonoManager ReloadAssembly
Symbol file LoadedFromMemory doesn't match image C:\Users\Jacob Bream\Documents\Biomojo\Unipy\Unipy\Library\PackageCache\com.unity.visualscripting@1.6.1\Editor\VisualScripting.Core\Dependencies\YamlDotNet\Unity.VisualScripting.YamlDotNet.dll
Symbol file LoadedFromMemory doesn't match image C:\Users\Jacob Bream\Documents\Biomojo\Unipy\Unipy\Library\PackageCache\com.unity.visualscripting@1.6.1\Editor\VisualScripting.Core\Dependencies\DotNetZip\Unity.VisualScripting.IonicZip.dll
Native extension for WindowsStandalone target not found
Refreshing native plugins compatible for Editor in 0.43 ms, found 1 plugins.
Preloading 0 native plugins for Editor in 0.00 ms.
Mono: successfully reloaded assembly
- Completed reload, in  0.783 seconds
Platform modules already initialized, skipping
Refreshing native plugins compatible for Editor in 0.57 ms, found 1 plugins.
Preloading 0 native plugins for Editor in 0.00 ms.
Unloading 2679 Unused Serialized files (Serialized files now loaded: 0)
System memory in use before: 99.0 MB.
System memory in use after: 99.2 MB.

Unloading 12 unused Assets to reduce memory usage. Loaded Objects now: 3184.
Total: 2.030100 ms (FindLiveObjects: 0.210700 ms CreateObjectMapping: 0.095300 ms MarkObjects: 1.686600 ms  DeleteObjects: 0.036900 ms)

========================================================================
Received Prepare
Registering precompiled user dll's ...
Registered in 0.003580 seconds.
Begin MonoManager ReloadAssembly
Symbol file LoadedFromMemory doesn't match image C:\Users\Jacob Bream\Documents\Biomojo\Unipy\Unipy\Library\PackageCache\com.unity.visualscripting@1.6.1\Editor\VisualScripting.Core\Dependencies\YamlDotNet\Unity.VisualScripting.YamlDotNet.dll
Symbol file LoadedFromMemory doesn't match image C:\Users\Jacob Bream\Documents\Biomojo\Unipy\Unipy\Library\PackageCache\com.unity.visualscripting@1.6.1\Editor\VisualScripting.Core\Dependencies\DotNetZip\Unity.VisualScripting.IonicZip.dll
Native extension for WindowsStandalone target not found
Refreshing native plugins compatible for Editor in 0.47 ms, found 1 plugins.
Preloading 0 native plugins for Editor in 0.00 ms.
Mono: successfully reloaded assembly
- Completed reload, in  0.790 seconds
Platform modules already initialized, skipping
Refreshing native plugins compatible for Editor in 0.58 ms, found 1 plugins.
Preloading 0 native plugins for Editor in 0.00 ms.
Unloading 2679 Unused Serialized files (Serialized files now loaded: 0)
System memory in use before: 99.0 MB.
System memory in use after: 99.2 MB.

Unloading 12 unused Assets to reduce memory usage. Loaded Objects now: 3187.
Total: 2.125900 ms (FindLiveObjects: 0.208000 ms CreateObjectMapping: 0.098400 ms MarkObjects: 1.728800 ms  DeleteObjects: 0.090100 ms)

========================================================================
Received Prepare
Registering precompiled user dll's ...
Registered in 0.003537 seconds.
Begin MonoManager ReloadAssembly
Symbol file LoadedFromMemory doesn't match image C:\Users\Jacob Bream\Documents\Biomojo\Unipy\Unipy\Library\PackageCache\com.unity.visualscripting@1.6.1\Editor\VisualScripting.Core\Dependencies\YamlDotNet\Unity.VisualScripting.YamlDotNet.dll
Symbol file LoadedFromMemory doesn't match image C:\Users\Jacob Bream\Documents\Biomojo\Unipy\Unipy\Library\PackageCache\com.unity.visualscripting@1.6.1\Editor\VisualScripting.Core\Dependencies\DotNetZip\Unity.VisualScripting.IonicZip.dll
Native extension for WindowsStandalone target not found
Refreshing native plugins compatible for Editor in 0.42 ms, found 1 plugins.
Preloading 0 native plugins for Editor in 0.00 ms.
Mono: successfully reloaded assembly
- Completed reload, in  0.773 seconds
Platform modules already initialized, skipping
Refreshing native plugins compatible for Editor in 0.50 ms, found 1 plugins.
Preloading 0 native plugins for Editor in 0.00 ms.
Unloading 2679 Unused Serialized files (Serialized files now loaded: 0)
System memory in use before: 99.0 MB.
System memory in use after: 99.2 MB.

Unloading 12 unused Assets to reduce memory usage. Loaded Objects now: 3190.
Total: 1.901000 ms (FindLiveObjects: 0.211400 ms CreateObjectMapping: 0.112600 ms MarkObjects: 1.538300 ms  DeleteObjects: 0.038200 ms)

========================================================================
Received Import Request.
  Time since last request: 127.797358 seconds.
  path: Assets/CallingPython.cs
  artifactKey: Guid(c08ff44ea0c41804da3c1f79813ec12a) Importer(815301076,1909f56bfc062723c751e8b465ee728b)
Start importing Assets/CallingPython.cs using Guid(c08ff44ea0c41804da3c1f79813ec12a) Importer(815301076,1909f56bfc062723c751e8b465ee728b)  -> (artifact id: '274ee69669a949b0ed04ac0e247fbf4d') in 0.004835 seconds 
========================================================================
Received Prepare
Registering precompiled user dll's ...
Registered in 0.003609 seconds.
Begin MonoManager ReloadAssembly
Symbol file LoadedFromMemory doesn't match image C:\Users\Jacob Bream\Documents\Biomojo\Unipy\Unipy\Library\PackageCache\com.unity.visualscripting@1.6.1\Editor\VisualScripting.Core\Dependencies\YamlDotNet\Unity.VisualScripting.YamlDotNet.dll
Symbol file LoadedFromMemory doesn't match image C:\Users\Jacob Bream\Documents\Biomojo\Unipy\Unipy\Library\PackageCache\com.unity.visualscripting@1.6.1\Editor\VisualScripting.Core\Dependencies\DotNetZip\Unity.VisualScripting.IonicZip.dll
Native extension for WindowsStandalone target not found
Refreshing native plugins compatible for Editor in 0.44 ms, found 1 plugins.
Preloading 0 native plugins for Editor in 0.00 ms.
Mono: successfully reloaded assembly
- Completed reload, in  0.809 seconds
Platform modules already initialized, skipping
Refreshing native plugins compatible for Editor in 0.51 ms, found 1 plugins.
Preloading 0 native plugins for Editor in 0.00 ms.
Unloading 2679 Unused Serialized files (Serialized files now loaded: 0)
System memory in use before: 99.1 MB.
System memory in use after: 99.2 MB.

Unloading 12 unused Assets to reduce memory usage. Loaded Objects now: 3193.
Total: 2.095700 ms (FindLiveObjects: 0.235900 ms CreateObjectMapping: 0.116300 ms MarkObjects: 1.698000 ms  DeleteObjects: 0.044400 ms)

========================================================================
Received Import Request.
  Time since last request: 76.422199 seconds.
  path: Assets/CallingPython.cs
  artifactKey: Guid(c08ff44ea0c41804da3c1f79813ec12a) Importer(815301076,1909f56bfc062723c751e8b465ee728b)
Start importing Assets/CallingPython.cs using Guid(c08ff44ea0c41804da3c1f79813ec12a) Importer(815301076,1909f56bfc062723c751e8b465ee728b)  -> (artifact id: '4e816100db659ddae609c6611131ef04') in 0.005256 seconds 
========================================================================
Received Prepare
Registering precompiled user dll's ...
Registered in 0.003590 seconds.
Begin MonoManager ReloadAssembly
Symbol file LoadedFromMemory doesn't match image C:\Users\Jacob Bream\Documents\Biomojo\Unipy\Unipy\Library\PackageCache\com.unity.visualscripting@1.6.1\Editor\VisualScripting.Core\Dependencies\YamlDotNet\Unity.VisualScripting.YamlDotNet.dll
Symbol file LoadedFromMemory doesn't match image C:\Users\Jacob Bream\Documents\Biomojo\Unipy\Unipy\Library\PackageCache\com.unity.visualscripting@1.6.1\Editor\VisualScripting.Core\Dependencies\DotNetZip\Unity.VisualScripting.IonicZip.dll
Native extension for WindowsStandalone target not found
Refreshing native plugins compatible for Editor in 0.47 ms, found 1 plugins.
Preloading 0 native plugins for Editor in 0.00 ms.
Mono: successfully reloaded assembly
- Completed reload, in  0.788 seconds
Platform modules already initialized, skipping
Refreshing native plugins compatible for Editor in 0.61 ms, found 1 plugins.
Preloading 0 native plugins for Editor in 0.00 ms.
Unloading 2679 Unused Serialized files (Serialized files now loaded: 0)
System memory in use before: 99.1 MB.
System memory in use after: 99.3 MB.

Unloading 12 unused Assets to reduce memory usage. Loaded Objects now: 3196.
Total: 1.999200 ms (FindLiveObjects: 0.240000 ms CreateObjectMapping: 0.115100 ms MarkObjects: 1.605200 ms  DeleteObjects: 0.038300 ms)

========================================================================
Received Import Request.
  Time since last request: 22.124847 seconds.
  path: Assets/CallingPython.cs
  artifactKey: Guid(c08ff44ea0c41804da3c1f79813ec12a) Importer(815301076,1909f56bfc062723c751e8b465ee728b)
Start importing Assets/CallingPython.cs using Guid(c08ff44ea0c41804da3c1f79813ec12a) Importer(815301076,1909f56bfc062723c751e8b465ee728b)  -> (artifact id: '5d8182d65918686e595b0b7fd6cb835d') in 0.005010 seconds 
========================================================================
Received Prepare
Registering precompiled user dll's ...
Registered in 0.003773 seconds.
Begin MonoManager ReloadAssembly
Symbol file LoadedFromMemory doesn't match image C:\Users\Jacob Bream\Documents\Biomojo\Unipy\Unipy\Library\PackageCache\com.unity.visualscripting@1.6.1\Editor\VisualScripting.Core\Dependencies\YamlDotNet\Unity.VisualScripting.YamlDotNet.dll
Symbol file LoadedFromMemory doesn't match image C:\Users\Jacob Bream\Documents\Biomojo\Unipy\Unipy\Library\PackageCache\com.unity.visualscripting@1.6.1\Editor\VisualScripting.Core\Dependencies\DotNetZip\Unity.VisualScripting.IonicZip.dll
Native extension for WindowsStandalone target not found
Refreshing native plugins compatible for Editor in 0.52 ms, found 1 plugins.
Preloading 0 native plugins for Editor in 0.00 ms.
Mono: successfully reloaded assembly
- Completed reload, in  0.801 seconds
Platform modules already initialized, skipping
Refreshing native plugins compatible for Editor in 0.43 ms, found 1 plugins.
Preloading 0 native plugins for Editor in 0.00 ms.
Unloading 2679 Unused Serialized files (Serialized files now loaded: 0)
System memory in use before: 99.1 MB.
System memory in use after: 99.3 MB.

Unloading 12 unused Assets to reduce memory usage. Loaded Objects now: 3199.
Total: 1.906600 ms (FindLiveObjects: 0.196300 ms CreateObjectMapping: 0.111000 ms MarkObjects: 1.560500 ms  DeleteObjects: 0.037900 ms)

========================================================================
Received Prepare
Registering precompiled user dll's ...
Registered in 0.004329 seconds.
Begin MonoManager ReloadAssembly
Symbol file LoadedFromMemory doesn't match image C:\Users\Jacob Bream\Documents\Biomojo\Unipy\Unipy\Library\PackageCache\com.unity.visualscripting@1.6.1\Editor\VisualScripting.Core\Dependencies\YamlDotNet\Unity.VisualScripting.YamlDotNet.dll
Symbol file LoadedFromMemory doesn't match image C:\Users\Jacob Bream\Documents\Biomojo\Unipy\Unipy\Library\PackageCache\com.unity.visualscripting@1.6.1\Editor\VisualScripting.Core\Dependencies\DotNetZip\Unity.VisualScripting.IonicZip.dll
Native extension for WindowsStandalone target not found
Refreshing native plugins compatible for Editor in 0.43 ms, found 1 plugins.
Preloading 0 native plugins for Editor in 0.00 ms.
Mono: successfully reloaded assembly
- Completed reload, in  0.800 seconds
Platform modules already initialized, skipping
Refreshing native plugins compatible for Editor in 0.46 ms, found 1 plugins.
Preloading 0 native plugins for Editor in 0.00 ms.
Unloading 2678 Unused Serialized files (Serialized files now loaded: 0)
System memory in use before: 99.0 MB.
System memory in use after: 99.2 MB.

Unloading 12 unused Assets to reduce memory usage. Loaded Objects now: 3202.
Total: 2.055700 ms (FindLiveObjects: 0.210100 ms CreateObjectMapping: 0.100800 ms MarkObjects: 1.707000 ms  DeleteObjects: 0.036900 ms)

========================================================================
Received Prepare
Registering precompiled user dll's ...
Registered in 0.003790 seconds.
Begin MonoManager ReloadAssembly
Symbol file LoadedFromMemory doesn't match image C:\Users\Jacob Bream\Documents\Biomojo\Unipy\Unipy\Library\PackageCache\com.unity.visualscripting@1.6.1\Editor\VisualScripting.Core\Dependencies\YamlDotNet\Unity.VisualScripting.YamlDotNet.dll
Symbol file LoadedFromMemory doesn't match image C:\Users\Jacob Bream\Documents\Biomojo\Unipy\Unipy\Library\PackageCache\com.unity.visualscripting@1.6.1\Editor\VisualScripting.Core\Dependencies\DotNetZip\Unity.VisualScripting.IonicZip.dll
Native extension for WindowsStandalone target not found
Refreshing native plugins compatible for Editor in 0.43 ms, found 1 plugins.
Preloading 0 native plugins for Editor in 0.00 ms.
Mono: successfully reloaded assembly
- Completed reload, in  0.824 seconds
Platform modules already initialized, skipping
Refreshing native plugins compatible for Editor in 0.45 ms, found 1 plugins.
Preloading 0 native plugins for Editor in 0.00 ms.
Unloading 2679 Unused Serialized files (Serialized files now loaded: 0)
System memory in use before: 99.1 MB.
System memory in use after: 99.3 MB.

Unloading 12 unused Assets to reduce memory usage. Loaded Objects now: 3205.
Total: 2.082600 ms (FindLiveObjects: 0.231600 ms CreateObjectMapping: 0.118000 ms MarkObjects: 1.694300 ms  DeleteObjects: 0.037900 ms)

========================================================================
Received Prepare
Registering precompiled user dll's ...
Registered in 0.004186 seconds.
Begin MonoManager ReloadAssembly
Symbol file LoadedFromMemory doesn't match image C:\Users\Jacob Bream\Documents\Biomojo\Unipy\Unipy\Library\PackageCache\com.unity.visualscripting@1.6.1\Editor\VisualScripting.Core\Dependencies\YamlDotNet\Unity.VisualScripting.YamlDotNet.dll
Symbol file LoadedFromMemory doesn't match image C:\Users\Jacob Bream\Documents\Biomojo\Unipy\Unipy\Library\PackageCache\com.unity.visualscripting@1.6.1\Editor\VisualScripting.Core\Dependencies\DotNetZip\Unity.VisualScripting.IonicZip.dll
Native extension for WindowsStandalone target not found
Refreshing native plugins compatible for Editor in 0.43 ms, found 1 plugins.
Preloading 0 native plugins for Editor in 0.00 ms.
Mono: successfully reloaded assembly
- Completed reload, in  0.779 seconds
Platform modules already initialized, skipping
Refreshing native plugins compatible for Editor in 0.77 ms, found 1 plugins.
Preloading 0 native plugins for Editor in 0.00 ms.
Unloading 2679 Unused Serialized files (Serialized files now loaded: 0)
System memory in use before: 99.1 MB.
System memory in use after: 99.3 MB.

Unloading 12 unused Assets to reduce memory usage. Loaded Objects now: 3208.
Total: 2.308300 ms (FindLiveObjects: 0.226000 ms CreateObjectMapping: 0.144200 ms MarkObjects: 1.897500 ms  DeleteObjects: 0.039800 ms)

========================================================================
Received Import Request.
  Time since last request: 228.303604 seconds.
  path: Assets/CallingPython.cs
  artifactKey: Guid(c08ff44ea0c41804da3c1f79813ec12a) Importer(815301076,1909f56bfc062723c751e8b465ee728b)
Start importing Assets/CallingPython.cs using Guid(c08ff44ea0c41804da3c1f79813ec12a) Importer(815301076,1909f56bfc062723c751e8b465ee728b)  -> (artifact id: 'b11e54180986a572a36f817b171d6c05') in 0.005198 seconds 
========================================================================
Received Prepare
Registering precompiled user dll's ...
Registered in 0.003813 seconds.
Begin MonoManager ReloadAssembly
Symbol file LoadedFromMemory doesn't match image C:\Users\Jacob Bream\Documents\Biomojo\Unipy\Unipy\Library\PackageCache\com.unity.visualscripting@1.6.1\Editor\VisualScripting.Core\Dependencies\YamlDotNet\Unity.VisualScripting.YamlDotNet.dll
Symbol file LoadedFromMemory doesn't match image C:\Users\Jacob Bream\Documents\Biomojo\Unipy\Unipy\Library\PackageCache\com.unity.visualscripting@1.6.1\Editor\VisualScripting.Core\Dependencies\DotNetZip\Unity.VisualScripting.IonicZip.dll
Native extension for WindowsStandalone target not found
Refreshing native plugins compatible for Editor in 0.58 ms, found 1 plugins.
Preloading 0 native plugins for Editor in 0.00 ms.
Mono: successfully reloaded assembly
- Completed reload, in  0.823 seconds
Platform modules already initialized, skipping
Refreshing native plugins compatible for Editor in 0.46 ms, found 1 plugins.
Preloading 0 native plugins for Editor in 0.00 ms.
Unloading 2679 Unused Serialized files (Serialized files now loaded: 0)
System memory in use before: 99.1 MB.
System memory in use after: 99.3 MB.

Unloading 12 unused Assets to reduce memory usage. Loaded Objects now: 3211.
Total: 2.052300 ms (FindLiveObjects: 0.215200 ms CreateObjectMapping: 0.099600 ms MarkObjects: 1.656000 ms  DeleteObjects: 0.080600 ms)

========================================================================
Received Import Request.
  Time since last request: 84.274848 seconds.
  path: Assets/CallingPython.cs
  artifactKey: Guid(c08ff44ea0c41804da3c1f79813ec12a) Importer(815301076,1909f56bfc062723c751e8b465ee728b)
Start importing Assets/CallingPython.cs using Guid(c08ff44ea0c41804da3c1f79813ec12a) Importer(815301076,1909f56bfc062723c751e8b465ee728b)  -> (artifact id: '34476ebd978946f989c1f550aef12717') in 0.005606 seconds 
========================================================================
Received Prepare
Registering precompiled user dll's ...
Registered in 0.003741 seconds.
Begin MonoManager ReloadAssembly
Symbol file LoadedFromMemory doesn't match image C:\Users\Jacob Bream\Documents\Biomojo\Unipy\Unipy\Library\PackageCache\com.unity.visualscripting@1.6.1\Editor\VisualScripting.Core\Dependencies\YamlDotNet\Unity.VisualScripting.YamlDotNet.dll
Symbol file LoadedFromMemory doesn't match image C:\Users\Jacob Bream\Documents\Biomojo\Unipy\Unipy\Library\PackageCache\com.unity.visualscripting@1.6.1\Editor\VisualScripting.Core\Dependencies\DotNetZip\Unity.VisualScripting.IonicZip.dll
Native extension for WindowsStandalone target not found
Refreshing native plugins compatible for Editor in 0.44 ms, found 1 plugins.
Preloading 0 native plugins for Editor in 0.00 ms.
Mono: successfully reloaded assembly
- Completed reload, in  0.776 seconds
Platform modules already initialized, skipping
Refreshing native plugins compatible for Editor in 0.45 ms, found 1 plugins.
Preloading 0 native plugins for Editor in 0.00 ms.
Unloading 2679 Unused Serialized files (Serialized files now loaded: 0)
System memory in use before: 99.1 MB.
System memory in use after: 99.3 MB.

Unloading 12 unused Assets to reduce memory usage. Loaded Objects now: 3214.
Total: 1.943700 ms (FindLiveObjects: 0.206700 ms CreateObjectMapping: 0.098800 ms MarkObjects: 1.549600 ms  DeleteObjects: 0.087500 ms)

========================================================================
Received Prepare
Registering precompiled user dll's ...
Registered in 0.003752 seconds.
Begin MonoManager ReloadAssembly
Symbol file LoadedFromMemory doesn't match image C:\Users\Jacob Bream\Documents\Biomojo\Unipy\Unipy\Library\PackageCache\com.unity.visualscripting@1.6.1\Editor\VisualScripting.Core\Dependencies\YamlDotNet\Unity.VisualScripting.YamlDotNet.dll
Symbol file LoadedFromMemory doesn't match image C:\Users\Jacob Bream\Documents\Biomojo\Unipy\Unipy\Library\PackageCache\com.unity.visualscripting@1.6.1\Editor\VisualScripting.Core\Dependencies\DotNetZip\Unity.VisualScripting.IonicZip.dll
Native extension for WindowsStandalone target not found
Refreshing native plugins compatible for Editor in 0.44 ms, found 1 plugins.
Preloading 0 native plugins for Editor in 0.00 ms.
Mono: successfully reloaded assembly
- Completed reload, in  0.817 seconds
Platform modules already initialized, skipping
Refreshing native plugins compatible for Editor in 0.45 ms, found 1 plugins.
Preloading 0 native plugins for Editor in 0.00 ms.
Unloading 2678 Unused Serialized files (Serialized files now loaded: 0)
System memory in use before: 99.1 MB.
System memory in use after: 99.3 MB.

Unloading 12 unused Assets to reduce memory usage. Loaded Objects now: 3217.
Total: 1.986800 ms (FindLiveObjects: 0.246600 ms CreateObjectMapping: 0.108400 ms MarkObjects: 1.592700 ms  DeleteObjects: 0.038300 ms)

========================================================================
Received Import Request.
  Time since last request: 115.080002 seconds.
  path: Assets/CallingPython.cs
  artifactKey: Guid(c08ff44ea0c41804da3c1f79813ec12a) Importer(815301076,1909f56bfc062723c751e8b465ee728b)
Start importing Assets/CallingPython.cs using Guid(c08ff44ea0c41804da3c1f79813ec12a) Importer(815301076,1909f56bfc062723c751e8b465ee728b)  -> (artifact id: '8c6cc20febf15d31dcb1cf75f572001b') in 0.005195 seconds 
========================================================================
Received Prepare
Registering precompiled user dll's ...
Registered in 0.003790 seconds.
Begin MonoManager ReloadAssembly
Symbol file LoadedFromMemory doesn't match image C:\Users\Jacob Bream\Documents\Biomojo\Unipy\Unipy\Library\PackageCache\com.unity.visualscripting@1.6.1\Editor\VisualScripting.Core\Dependencies\YamlDotNet\Unity.VisualScripting.YamlDotNet.dll
Symbol file LoadedFromMemory doesn't match image C:\Users\Jacob Bream\Documents\Biomojo\Unipy\Unipy\Library\PackageCache\com.unity.visualscripting@1.6.1\Editor\VisualScripting.Core\Dependencies\DotNetZip\Unity.VisualScripting.IonicZip.dll
Native extension for WindowsStandalone target not found
Refreshing native plugins compatible for Editor in 0.43 ms, found 1 plugins.
Preloading 0 native plugins for Editor in 0.00 ms.
Mono: successfully reloaded assembly
- Completed reload, in  0.801 seconds
Platform modules already initialized, skipping
Refreshing native plugins compatible for Editor in 0.43 ms, found 1 plugins.
Preloading 0 native plugins for Editor in 0.00 ms.
Unloading 2679 Unused Serialized files (Serialized files now loaded: 0)
System memory in use before: 99.1 MB.
System memory in use after: 99.3 MB.

Unloading 12 unused Assets to reduce memory usage. Loaded Objects now: 3220.
Total: 2.032900 ms (FindLiveObjects: 0.206000 ms CreateObjectMapping: 0.095300 ms MarkObjects: 1.694100 ms  DeleteObjects: 0.036700 ms)

========================================================================
Received Prepare
Registering precompiled user dll's ...
Registered in 0.004063 seconds.
Begin MonoManager ReloadAssembly
Symbol file LoadedFromMemory doesn't match image C:\Users\Jacob Bream\Documents\Biomojo\Unipy\Unipy\Library\PackageCache\com.unity.visualscripting@1.6.1\Editor\VisualScripting.Core\Dependencies\YamlDotNet\Unity.VisualScripting.YamlDotNet.dll
Symbol file LoadedFromMemory doesn't match image C:\Users\Jacob Bream\Documents\Biomojo\Unipy\Unipy\Library\PackageCache\com.unity.visualscripting@1.6.1\Editor\VisualScripting.Core\Dependencies\DotNetZip\Unity.VisualScripting.IonicZip.dll
Native extension for WindowsStandalone target not found
Refreshing native plugins compatible for Editor in 0.45 ms, found 1 plugins.
Preloading 0 native plugins for Editor in 0.00 ms.
Mono: successfully reloaded assembly
- Completed reload, in  0.804 seconds
Platform modules already initialized, skipping
Refreshing native plugins compatible for Editor in 0.63 ms, found 1 plugins.
Preloading 0 native plugins for Editor in 0.00 ms.
Unloading 2679 Unused Serialized files (Serialized files now loaded: 0)
System memory in use before: 99.1 MB.
System memory in use after: 99.3 MB.

Unloading 12 unused Assets to reduce memory usage. Loaded Objects now: 3223.
Total: 2.162100 ms (FindLiveObjects: 0.219400 ms CreateObjectMapping: 0.110100 ms MarkObjects: 1.754000 ms  DeleteObjects: 0.078100 ms)

========================================================================
Received Import Request.
  Time since last request: 35.590012 seconds.
  path: Assets/CallingPython.cs
  artifactKey: Guid(c08ff44ea0c41804da3c1f79813ec12a) Importer(815301076,1909f56bfc062723c751e8b465ee728b)
Start importing Assets/CallingPython.cs using Guid(c08ff44ea0c41804da3c1f79813ec12a) Importer(815301076,1909f56bfc062723c751e8b465ee728b)  -> (artifact id: '0a8240d1376eabf6ed9fa84743237f28') in 0.005036 seconds 
========================================================================
Received Prepare
Registering precompiled user dll's ...
Registered in 0.003902 seconds.
Begin MonoManager ReloadAssembly
Symbol file LoadedFromMemory doesn't match image C:\Users\Jacob Bream\Documents\Biomojo\Unipy\Unipy\Library\PackageCache\com.unity.visualscripting@1.6.1\Editor\VisualScripting.Core\Dependencies\YamlDotNet\Unity.VisualScripting.YamlDotNet.dll
Symbol file LoadedFromMemory doesn't match image C:\Users\Jacob Bream\Documents\Biomojo\Unipy\Unipy\Library\PackageCache\com.unity.visualscripting@1.6.1\Editor\VisualScripting.Core\Dependencies\DotNetZip\Unity.VisualScripting.IonicZip.dll
Native extension for WindowsStandalone target not found
Refreshing native plugins compatible for Editor in 0.44 ms, found 1 plugins.
Preloading 0 native plugins for Editor in 0.00 ms.
Mono: successfully reloaded assembly
- Completed reload, in  0.940 seconds
Platform modules already initialized, skipping
Refreshing native plugins compatible for Editor in 0.47 ms, found 1 plugins.
Preloading 0 native plugins for Editor in 0.00 ms.
Unloading 2679 Unused Serialized files (Serialized files now loaded: 0)
System memory in use before: 99.1 MB.
System memory in use after: 99.3 MB.

Unloading 12 unused Assets to reduce memory usage. Loaded Objects now: 3226.
Total: 2.090500 ms (FindLiveObjects: 0.222700 ms CreateObjectMapping: 0.102600 ms MarkObjects: 1.706900 ms  DeleteObjects: 0.057400 ms)

AssetImportWorkerClient::OnTransportError - code=2 error=End of file
