Using pre-set license
Built from '2021.1/staging' branch; Version is '2021.1.7f1 (d91830b65d9b) revision 14227504'; Using compiler version '192528614'; Build Type 'Release'
OS: 'Windows 10 Home; OS build 19042.985; Version 2009; 64bit' Language: 'en' Physical Memory: 16303 MB
BatchMode: 1, IsHumanControllingUs: 0, StartBugReporterOnCrash: 0, Is64bit: 1, IsPro: 0

 COMMAND LINE ARGUMENTS:
C:\Program Files\Unity\Hub\Editor\2021.1.7f1\Editor\Unity.exe
-adb2
-batchMode
-noUpm
-name
AssetImportWorker0
-projectPath
C:/Users/Jacob Bream/Documents/Biomojo/Unipy/Unipy4
-logFile
Logs/AssetImportWorker0.log
-srvPort
54643
Successfully changed project path to: C:/Users/Jacob Bream/Documents/Biomojo/Unipy/Unipy4
C:/Users/Jacob Bream/Documents/Biomojo/Unipy/Unipy4
Using Asset Import Pipeline V2.
Refreshing native plugins compatible for Editor in 96.02 ms, found 2 plugins.
Preloading 0 native plugins for Editor in 0.00 ms.
Initialize engine version: 2021.1.7f1 (d91830b65d9b)
[Subsystems] Discovering subsystems at path C:/Program Files/Unity/Hub/Editor/2021.1.7f1/Editor/Data/Resources/UnitySubsystems
[Subsystems] Discovering subsystems at path C:/Users/Jacob Bream/Documents/Biomojo/Unipy/Unipy4/Assets
GfxDevice: creating device client; threaded=0; jobified=0
Direct3D:
    Version:  Direct3D 11.0 [level 11.1]
    Renderer: NVIDIA GeForce RTX 2080 (ID=0x1e87)
    Vendor:   NVIDIA
    VRAM:     8010 MB
    Driver:   27.21.14.6627
Initialize mono
Mono path[0] = 'C:/Program Files/Unity/Hub/Editor/2021.1.7f1/Editor/Data/Managed'
Mono path[1] = 'C:/Program Files/Unity/Hub/Editor/2021.1.7f1/Editor/Data/MonoBleedingEdge/lib/mono/unityjit'
Mono config path = 'C:/Program Files/Unity/Hub/Editor/2021.1.7f1/Editor/Data/MonoBleedingEdge/etc'
Using monoOptions --debugger-agent=transport=dt_socket,embedding=1,server=y,suspend=n,address=127.0.0.1:56768
Begin MonoManager ReloadAssembly
Registering precompiled unity dll's ...
Register platform support module: C:/Program Files/Unity/Hub/Editor/2021.1.7f1/Editor/Data/PlaybackEngines/WindowsStandaloneSupport/UnityEditor.WindowsStandalone.Extensions.dll
Registered in 0.002038 seconds.
Native extension for WindowsStandalone target not found
Refreshing native plugins compatible for Editor in 93.50 ms, found 2 plugins.
Preloading 0 native plugins for Editor in 0.00 ms.
Mono: successfully reloaded assembly
- Completed reload, in  1.149 seconds
Platform modules already initialized, skipping
Registering precompiled user dll's ...
Registered in 0.007123 seconds.
Begin MonoManager ReloadAssembly
Symbol file LoadedFromMemory doesn't match image C:\Users\Jacob Bream\Documents\Biomojo\Unipy\Unipy4\Library\PackageCache\com.unity.visualscripting@1.6.1\Editor\VisualScripting.Core\Dependencies\YamlDotNet\Unity.VisualScripting.YamlDotNet.dll
Symbol file LoadedFromMemory doesn't match image C:\Users\Jacob Bream\Documents\Biomojo\Unipy\Unipy4\Library\PackageCache\com.unity.visualscripting@1.6.1\Editor\VisualScripting.Core\Dependencies\DotNetZip\Unity.VisualScripting.IonicZip.dll
Native extension for WindowsStandalone target not found
Refreshing native plugins compatible for Editor in 98.18 ms, found 2 plugins.
Preloading 0 native plugins for Editor in 0.00 ms.
DisplayProgressbar: Restoring NuGet Packages
Mono: successfully reloaded assembly
- Completed reload, in  1.490 seconds
Platform modules already initialized, skipping
========================================================================
Worker process is ready to serve import requests
Launched and connected shader compiler UnityShaderCompiler.exe after 0.05 seconds
Refreshing native plugins compatible for Editor in 0.71 ms, found 2 plugins.
Preloading 0 native plugins for Editor in 0.00 ms.
Unloading 3384 Unused Serialized files (Serialized files now loaded: 0)
System memory in use before: 136.5 MB.
System memory in use after: 136.6 MB.

Unloading 40 unused Assets to reduce memory usage. Loaded Objects now: 3835.
Total: 2.180000 ms (FindLiveObjects: 0.239100 ms CreateObjectMapping: 0.147700 ms MarkObjects: 1.700200 ms  DeleteObjects: 0.092000 ms)

========================================================================
Received Import Request.
  path: Assets/Packages/IronPython.3.4.0-alpha1/lib/net46/ipy.exe
  artifactKey: Guid(cd87c8057b8d3fe4a8bb13d4775768a7) Importer(815301076,1909f56bfc062723c751e8b465ee728b)
Start importing Assets/Packages/IronPython.3.4.0-alpha1/lib/net46/ipy.exe using Guid(cd87c8057b8d3fe4a8bb13d4775768a7) Importer(815301076,1909f56bfc062723c751e8b465ee728b)  -> (artifact id: 'a1abbc82287e4b1822fec35e519645cf') in 0.028774 seconds 
========================================================================
Received Import Request.
  Time since last request: 81.591141 seconds.
  path: Assets/Packages/DynamicLanguageRuntime.1.3.0/lib/net45/Microsoft.Scripting.Metadata.xml
  artifactKey: Guid(9a6e2564a35f33f4bbeac89a87f05ef8) Importer(815301076,1909f56bfc062723c751e8b465ee728b)
Start importing Assets/Packages/DynamicLanguageRuntime.1.3.0/lib/net45/Microsoft.Scripting.Metadata.xml using Guid(9a6e2564a35f33f4bbeac89a87f05ef8) Importer(815301076,1909f56bfc062723c751e8b465ee728b)  -> (artifact id: 'ebc26aabfc199b33794543aa228ba6ce') in 0.017370 seconds 
========================================================================
Received Import Request.
  Time since last request: 0.960765 seconds.
  path: Assets/Packages/DynamicLanguageRuntime.1.3.0/lib/net45/Microsoft.Scripting.xml
  artifactKey: Guid(d77bc635102f2244da9f89415a88e253) Importer(815301076,1909f56bfc062723c751e8b465ee728b)
Start importing Assets/Packages/DynamicLanguageRuntime.1.3.0/lib/net45/Microsoft.Scripting.xml using Guid(d77bc635102f2244da9f89415a88e253) Importer(815301076,1909f56bfc062723c751e8b465ee728b)  -> (artifact id: '158ab431c7ad61e50559562ec4ff912b') in 0.007061 seconds 
========================================================================
Received Import Request.
  Time since last request: 1.499399 seconds.
  path: Assets/Packages/DynamicLanguageRuntime.1.3.0/lib/net45/Microsoft.Dynamic.xml
  artifactKey: Guid(a861320ec3cff6d41816a2e20c09a155) Importer(815301076,1909f56bfc062723c751e8b465ee728b)
Start importing Assets/Packages/DynamicLanguageRuntime.1.3.0/lib/net45/Microsoft.Dynamic.xml using Guid(a861320ec3cff6d41816a2e20c09a155) Importer(815301076,1909f56bfc062723c751e8b465ee728b)  -> (artifact id: 'fdbb06a93c103f716a7e15a31af3fdb8') in 0.006514 seconds 
========================================================================
Received Prepare
Registering precompiled user dll's ...
Registered in 0.010634 seconds.
Begin MonoManager ReloadAssembly
Symbol file LoadedFromMemory doesn't match image C:\Users\Jacob Bream\Documents\Biomojo\Unipy\Unipy4\Library\PackageCache\com.unity.visualscripting@1.6.1\Editor\VisualScripting.Core\Dependencies\YamlDotNet\Unity.VisualScripting.YamlDotNet.dll
Symbol file LoadedFromMemory doesn't match image C:\Users\Jacob Bream\Documents\Biomojo\Unipy\Unipy4\Library\PackageCache\com.unity.visualscripting@1.6.1\Editor\VisualScripting.Core\Dependencies\DotNetZip\Unity.VisualScripting.IonicZip.dll
Native extension for WindowsStandalone target not found
Refreshing native plugins compatible for Editor in 0.72 ms, found 2 plugins.
Preloading 0 native plugins for Editor in 0.00 ms.
Mono: successfully reloaded assembly
- Completed reload, in  1.339 seconds
Platform modules already initialized, skipping
Refreshing native plugins compatible for Editor in 0.72 ms, found 2 plugins.
Preloading 0 native plugins for Editor in 0.00 ms.
Unloading 3379 Unused Serialized files (Serialized files now loaded: 0)
System memory in use before: 144.6 MB.
System memory in use after: 144.7 MB.

Unloading 28 unused Assets to reduce memory usage. Loaded Objects now: 3845.
Total: 2.483600 ms (FindLiveObjects: 0.240000 ms CreateObjectMapping: 0.128000 ms MarkObjects: 2.035600 ms  DeleteObjects: 0.079200 ms)

========================================================================
Received Import Request.
  Time since last request: 285.423098 seconds.
  path: Assets/Packages/IronPython.3.4.0-alpha1/IronPython.3.4.0-alpha1.nupkg
  artifactKey: Guid(3e8319d7fc0cd92408d893a9fb79a826) Importer(815301076,1909f56bfc062723c751e8b465ee728b)
Start importing Assets/Packages/IronPython.3.4.0-alpha1/IronPython.3.4.0-alpha1.nupkg using Guid(3e8319d7fc0cd92408d893a9fb79a826) Importer(815301076,1909f56bfc062723c751e8b465ee728b)  -> (artifact id: '9c39e7027b8eb9ea1a52be5d29b4a51d') in 0.017147 seconds 
========================================================================
Received Import Request.
  Time since last request: 9.672772 seconds.
  path: Assets/Packages/IronPython.3.4.0-alpha1/LICENSE
  artifactKey: Guid(87267a741ed7f9f4dbf3b92046d6554c) Importer(815301076,1909f56bfc062723c751e8b465ee728b)
Start importing Assets/Packages/IronPython.3.4.0-alpha1/LICENSE using Guid(87267a741ed7f9f4dbf3b92046d6554c) Importer(815301076,1909f56bfc062723c751e8b465ee728b)  -> (artifact id: 'c79174bb635db48190c6404698f74e78') in 0.006452 seconds 
========================================================================
Received Import Request.
  Time since last request: 0.431686 seconds.
  path: Assets/Packages/IronPython.3.4.0-alpha1/README.md
  artifactKey: Guid(fa0a71a66b410e64d9c48d00a4c16882) Importer(815301076,1909f56bfc062723c751e8b465ee728b)
Start importing Assets/Packages/IronPython.3.4.0-alpha1/README.md using Guid(fa0a71a66b410e64d9c48d00a4c16882) Importer(815301076,1909f56bfc062723c751e8b465ee728b)  -> (artifact id: '87696ca0851046c6e0d3cd4d6bd3d6e2') in 0.014827 seconds 
========================================================================
Received Import Request.
  Time since last request: 4.874265 seconds.
  path: Assets/Packages/IronPython.3.4.0-alpha1/lib
  artifactKey: Guid(5db7596dfaec2524fb2bea6af9267795) Importer(815301076,1909f56bfc062723c751e8b465ee728b)
Start importing Assets/Packages/IronPython.3.4.0-alpha1/lib using Guid(5db7596dfaec2524fb2bea6af9267795) Importer(815301076,1909f56bfc062723c751e8b465ee728b)  -> (artifact id: '23962d7e1f27d27a6938ce6bd6e1edbe') in 0.005868 seconds 
========================================================================
Received Import Request.
  Time since last request: 5.648691 seconds.
  path: Assets/Packages/DynamicLanguageRuntime.1.3.0
  artifactKey: Guid(0216855d4ba800f4bac7eb93b9428875) Importer(815301076,1909f56bfc062723c751e8b465ee728b)
Start importing Assets/Packages/DynamicLanguageRuntime.1.3.0 using Guid(0216855d4ba800f4bac7eb93b9428875) Importer(815301076,1909f56bfc062723c751e8b465ee728b)  -> (artifact id: '91b087460c2f1c7554e2570abbaf308a') in 0.005982 seconds 
AssetImportWorkerClient::OnTransportError - code=2 error=End of file
