Using pre-set license
Built from '2021.1/staging' branch; Version is '2021.1.7f1 (d91830b65d9b) revision 14227504'; Using compiler version '192528614'; Build Type 'Release'
OS: 'Windows 10 Home; OS build 19042.985; Version 2009; 64bit' Language: 'en' Physical Memory: 16303 MB
BatchMode: 1, IsHumanControllingUs: 0, StartBugReporterOnCrash: 0, Is64bit: 1, IsPro: 0

 COMMAND LINE ARGUMENTS:
C:\Program Files\Unity\Hub\Editor\2021.1.7f1\Editor\Unity.exe
-adb2
-batchMode
-noUpm
-name
AssetImportWorker0
-projectPath
C:/Users/Jacob Bream/Documents/Biomojo/Unipy/Unipy4
-logFile
Logs/AssetImportWorker0.log
-srvPort
61014
Successfully changed project path to: C:/Users/Jacob Bream/Documents/Biomojo/Unipy/Unipy4
C:/Users/Jacob Bream/Documents/Biomojo/Unipy/Unipy4
Using Asset Import Pipeline V2.
Refreshing native plugins compatible for Editor in 97.71 ms, found 2 plugins.
Preloading 0 native plugins for Editor in 0.00 ms.
Initialize engine version: 2021.1.7f1 (d91830b65d9b)
[Subsystems] Discovering subsystems at path C:/Program Files/Unity/Hub/Editor/2021.1.7f1/Editor/Data/Resources/UnitySubsystems
[Subsystems] Discovering subsystems at path C:/Users/Jacob Bream/Documents/Biomojo/Unipy/Unipy4/Assets
GfxDevice: creating device client; threaded=0; jobified=0
Direct3D:
    Version:  Direct3D 11.0 [level 11.1]
    Renderer: NVIDIA GeForce RTX 2080 (ID=0x1e87)
    Vendor:   NVIDIA
    VRAM:     8010 MB
    Driver:   27.21.14.6627
Initialize mono
Mono path[0] = 'C:/Program Files/Unity/Hub/Editor/2021.1.7f1/Editor/Data/Managed'
Mono path[1] = 'C:/Program Files/Unity/Hub/Editor/2021.1.7f1/Editor/Data/MonoBleedingEdge/lib/mono/unityjit'
Mono config path = 'C:/Program Files/Unity/Hub/Editor/2021.1.7f1/Editor/Data/MonoBleedingEdge/etc'
Using monoOptions --debugger-agent=transport=dt_socket,embedding=1,server=y,suspend=n,address=127.0.0.1:56808
Begin MonoManager ReloadAssembly
Registering precompiled unity dll's ...
Register platform support module: C:/Program Files/Unity/Hub/Editor/2021.1.7f1/Editor/Data/PlaybackEngines/WindowsStandaloneSupport/UnityEditor.WindowsStandalone.Extensions.dll
Registered in 0.001790 seconds.
Native extension for WindowsStandalone target not found
Refreshing native plugins compatible for Editor in 92.21 ms, found 2 plugins.
Preloading 0 native plugins for Editor in 0.00 ms.
Mono: successfully reloaded assembly
- Completed reload, in  1.095 seconds
Platform modules already initialized, skipping
Registering precompiled user dll's ...
Registered in 0.006835 seconds.
Begin MonoManager ReloadAssembly
Symbol file LoadedFromMemory doesn't match image C:\Users\Jacob Bream\Documents\Biomojo\Unipy\Unipy4\Library\PackageCache\com.unity.visualscripting@1.6.1\Editor\VisualScripting.Core\Dependencies\YamlDotNet\Unity.VisualScripting.YamlDotNet.dll
Symbol file LoadedFromMemory doesn't match image C:\Users\Jacob Bream\Documents\Biomojo\Unipy\Unipy4\Library\PackageCache\com.unity.visualscripting@1.6.1\Editor\VisualScripting.Core\Dependencies\DotNetZip\Unity.VisualScripting.IonicZip.dll
Native extension for WindowsStandalone target not found
Refreshing native plugins compatible for Editor in 93.12 ms, found 2 plugins.
Preloading 0 native plugins for Editor in 0.00 ms.
DisplayProgressbar: Restoring NuGet Packages
Mono: successfully reloaded assembly
- Completed reload, in  1.508 seconds
Platform modules already initialized, skipping
========================================================================
Worker process is ready to serve import requests
Launched and connected shader compiler UnityShaderCompiler.exe after 0.06 seconds
Refreshing native plugins compatible for Editor in 0.69 ms, found 2 plugins.
Preloading 0 native plugins for Editor in 0.00 ms.
Unloading 3384 Unused Serialized files (Serialized files now loaded: 0)
System memory in use before: 136.5 MB.
System memory in use after: 136.6 MB.

Unloading 40 unused Assets to reduce memory usage. Loaded Objects now: 3835.
Total: 2.297300 ms (FindLiveObjects: 0.236500 ms CreateObjectMapping: 0.109300 ms MarkObjects: 1.862100 ms  DeleteObjects: 0.088500 ms)

========================================================================
Received Import Request.
  path: Assets/Packages/IronPython.StdLib.3.4.0-alpha1/content/Lib/distutils/command/wininst-10.0.exe
  artifactKey: Guid(8fec1e5bc5e911f4bafe71c13471d109) Importer(815301076,1909f56bfc062723c751e8b465ee728b)
Start importing Assets/Packages/IronPython.StdLib.3.4.0-alpha1/content/Lib/distutils/command/wininst-10.0.exe using Guid(8fec1e5bc5e911f4bafe71c13471d109) Importer(815301076,1909f56bfc062723c751e8b465ee728b)  -> (artifact id: '8fb398ab064b299d1fb39d07439a991e') in 0.036740 seconds 
========================================================================
Received Prepare
Registering precompiled user dll's ...
Registered in 0.007509 seconds.
Begin MonoManager ReloadAssembly
Symbol file LoadedFromMemory doesn't match image C:\Users\Jacob Bream\Documents\Biomojo\Unipy\Unipy4\Library\PackageCache\com.unity.visualscripting@1.6.1\Editor\VisualScripting.Core\Dependencies\YamlDotNet\Unity.VisualScripting.YamlDotNet.dll
Symbol file LoadedFromMemory doesn't match image C:\Users\Jacob Bream\Documents\Biomojo\Unipy\Unipy4\Library\PackageCache\com.unity.visualscripting@1.6.1\Editor\VisualScripting.Core\Dependencies\DotNetZip\Unity.VisualScripting.IonicZip.dll
Native extension for WindowsStandalone target not found
Refreshing native plugins compatible for Editor in 0.85 ms, found 2 plugins.
Preloading 0 native plugins for Editor in 0.00 ms.
Mono: successfully reloaded assembly
- Completed reload, in  1.401 seconds
Platform modules already initialized, skipping
Refreshing native plugins compatible for Editor in 0.74 ms, found 2 plugins.
Preloading 0 native plugins for Editor in 0.00 ms.
Unloading 3379 Unused Serialized files (Serialized files now loaded: 0)
System memory in use before: 144.6 MB.
System memory in use after: 144.7 MB.

Unloading 28 unused Assets to reduce memory usage. Loaded Objects now: 3845.
Total: 2.090100 ms (FindLiveObjects: 0.238000 ms CreateObjectMapping: 0.147800 ms MarkObjects: 1.625200 ms  DeleteObjects: 0.078500 ms)

========================================================================
Received Import Request.
  Time since last request: 834.660500 seconds.
  path: Assets/Packages/IronPython.3.4.0-alpha1/lib/net46
  artifactKey: Guid(2d86bf1e041632844b710d6374a2ff85) Importer(815301076,1909f56bfc062723c751e8b465ee728b)
Start importing Assets/Packages/IronPython.3.4.0-alpha1/lib/net46 using Guid(2d86bf1e041632844b710d6374a2ff85) Importer(815301076,1909f56bfc062723c751e8b465ee728b)  -> (artifact id: 'e33d720d16093849d597de7e0c4762cc') in 0.007227 seconds 
========================================================================
Received Import Request.
  Time since last request: 37.844510 seconds.
  path: Assets/Packages/DynamicLanguageRuntime.1.3.0/lib/net45/Microsoft.Dynamic.dll
  artifactKey: Guid(0112009f6596604419a05e4f6a1af37c) Importer(815301076,1909f56bfc062723c751e8b465ee728b)
Start importing Assets/Packages/DynamicLanguageRuntime.1.3.0/lib/net45/Microsoft.Dynamic.dll using Guid(0112009f6596604419a05e4f6a1af37c) Importer(815301076,1909f56bfc062723c751e8b465ee728b)  -> (artifact id: '03b7a43724236ba180f6026c50ff16ee') in 0.005177 seconds 
========================================================================
Received Import Request.
  Time since last request: 1.321201 seconds.
  path: Assets/Packages/DynamicLanguageRuntime.1.3.0/lib/net45/Microsoft.Scripting.dll
  artifactKey: Guid(271971ee442a9cc4c8378dbeb9242433) Importer(815301076,1909f56bfc062723c751e8b465ee728b)
Start importing Assets/Packages/DynamicLanguageRuntime.1.3.0/lib/net45/Microsoft.Scripting.dll using Guid(271971ee442a9cc4c8378dbeb9242433) Importer(815301076,1909f56bfc062723c751e8b465ee728b)  -> (artifact id: 'e7d2c40eea7c54dfc242d6ac04197d4b') in 0.002657 seconds 
========================================================================
Received Import Request.
  Time since last request: 0.652180 seconds.
  path: Assets/Packages/DynamicLanguageRuntime.1.3.0/lib/net45/Microsoft.Scripting.Metadata.dll
  artifactKey: Guid(008d2d2cb2c60184f82f2a146bda0b48) Importer(815301076,1909f56bfc062723c751e8b465ee728b)
Start importing Assets/Packages/DynamicLanguageRuntime.1.3.0/lib/net45/Microsoft.Scripting.Metadata.dll using Guid(008d2d2cb2c60184f82f2a146bda0b48) Importer(815301076,1909f56bfc062723c751e8b465ee728b)  -> (artifact id: 'f92ece4bfab31ff858f0e66932334bff') in 0.007458 seconds 
========================================================================
Received Prepare
Registering precompiled user dll's ...
Registered in 0.007145 seconds.
Begin MonoManager ReloadAssembly
Symbol file LoadedFromMemory doesn't match image C:\Users\Jacob Bream\Documents\Biomojo\Unipy\Unipy4\Library\PackageCache\com.unity.visualscripting@1.6.1\Editor\VisualScripting.Core\Dependencies\YamlDotNet\Unity.VisualScripting.YamlDotNet.dll
Symbol file LoadedFromMemory doesn't match image C:\Users\Jacob Bream\Documents\Biomojo\Unipy\Unipy4\Library\PackageCache\com.unity.visualscripting@1.6.1\Editor\VisualScripting.Core\Dependencies\DotNetZip\Unity.VisualScripting.IonicZip.dll
Native extension for WindowsStandalone target not found
Refreshing native plugins compatible for Editor in 0.74 ms, found 2 plugins.
Preloading 0 native plugins for Editor in 0.00 ms.
Mono: successfully reloaded assembly
- Completed reload, in  1.391 seconds
Platform modules already initialized, skipping
Refreshing native plugins compatible for Editor in 0.79 ms, found 2 plugins.
Preloading 0 native plugins for Editor in 0.00 ms.
Unloading 3385 Unused Serialized files (Serialized files now loaded: 0)
System memory in use before: 153.0 MB.
System memory in use after: 153.1 MB.

Unloading 34 unused Assets to reduce memory usage. Loaded Objects now: 3855.
Total: 2.390400 ms (FindLiveObjects: 0.247000 ms CreateObjectMapping: 0.121100 ms MarkObjects: 1.942900 ms  DeleteObjects: 0.078800 ms)

========================================================================
Received Import Request.
  Time since last request: 59.968446 seconds.
  path: Assets/Packages/IronPython.3.4.0-alpha1/lib/net46/ipy32.exe
  artifactKey: Guid(c053edb5b5c576243b736a578d5e5a0f) Importer(815301076,1909f56bfc062723c751e8b465ee728b)
Start importing Assets/Packages/IronPython.3.4.0-alpha1/lib/net46/ipy32.exe using Guid(c053edb5b5c576243b736a578d5e5a0f) Importer(815301076,1909f56bfc062723c751e8b465ee728b)  -> (artifact id: '0a691d59ddd3a690d7c5020ad3c1672d') in 0.015727 seconds 
========================================================================
Received Import Request.
  Time since last request: 130.348112 seconds.
  path: Assets/Packages/IronPython.3.4.0-alpha1/lib/net46/IKVM.Reflection.dll
  artifactKey: Guid(66f083f08644eed4398f88e434f60970) Importer(815301076,1909f56bfc062723c751e8b465ee728b)
Start importing Assets/Packages/IronPython.3.4.0-alpha1/lib/net46/IKVM.Reflection.dll using Guid(66f083f08644eed4398f88e434f60970) Importer(815301076,1909f56bfc062723c751e8b465ee728b)  -> (artifact id: '2fb11accf7ca68f6dfd53da7b7f48c0a') in 0.006942 seconds 
========================================================================
Received Prepare
Registering precompiled user dll's ...
Registered in 0.070788 seconds.
Begin MonoManager ReloadAssembly
Symbol file LoadedFromMemory doesn't match image C:\Users\Jacob Bream\Documents\Biomojo\Unipy\Unipy4\Library\PackageCache\com.unity.visualscripting@1.6.1\Editor\VisualScripting.Core\Dependencies\YamlDotNet\Unity.VisualScripting.YamlDotNet.dll
Symbol file LoadedFromMemory doesn't match image C:\Users\Jacob Bream\Documents\Biomojo\Unipy\Unipy4\Library\PackageCache\com.unity.visualscripting@1.6.1\Editor\VisualScripting.Core\Dependencies\DotNetZip\Unity.VisualScripting.IonicZip.dll
Native extension for WindowsStandalone target not found
Refreshing native plugins compatible for Editor in 0.76 ms, found 2 plugins.
Preloading 0 native plugins for Editor in 0.00 ms.
Mono: successfully reloaded assembly
- Completed reload, in  1.598 seconds
Platform modules already initialized, skipping
Refreshing native plugins compatible for Editor in 0.74 ms, found 2 plugins.
Preloading 0 native plugins for Editor in 0.00 ms.
Unloading 3379 Unused Serialized files (Serialized files now loaded: 0)
System memory in use before: 160.9 MB.
System memory in use after: 161.0 MB.

Unloading 28 unused Assets to reduce memory usage. Loaded Objects now: 3865.
Total: 2.388200 ms (FindLiveObjects: 0.242000 ms CreateObjectMapping: 0.143300 ms MarkObjects: 1.921400 ms  DeleteObjects: 0.080400 ms)

========================================================================
Received Import Request.
  Time since last request: 208.199803 seconds.
  path: Assets/Packages/System.Buffers.4.5.1/System.Buffers.4.5.1.nupkg
  artifactKey: Guid(24265a8536a5cf54eb9f6f2d664a3b60) Importer(815301076,1909f56bfc062723c751e8b465ee728b)
Start importing Assets/Packages/System.Buffers.4.5.1/System.Buffers.4.5.1.nupkg using Guid(24265a8536a5cf54eb9f6f2d664a3b60) Importer(815301076,1909f56bfc062723c751e8b465ee728b)  -> (artifact id: '0027e28afe259d08c328d4e0d427564e') in 0.024816 seconds 
========================================================================
Received Import Request.
  Time since last request: 1.521290 seconds.
  path: Assets/Packages/System.Buffers.4.5.1/lib
  artifactKey: Guid(94006805c0bfced4a908c25c9d8b7a51) Importer(815301076,1909f56bfc062723c751e8b465ee728b)
Start importing Assets/Packages/System.Buffers.4.5.1/lib using Guid(94006805c0bfced4a908c25c9d8b7a51) Importer(815301076,1909f56bfc062723c751e8b465ee728b)  -> (artifact id: 'e9aeb1103891bf64886bcc98e4286adb') in 0.006691 seconds 
========================================================================
Received Import Request.
  Time since last request: 0.827324 seconds.
  path: Assets/Packages/System.Buffers.4.5.1/lib/net461
  artifactKey: Guid(a6d19299a35c29346b5e018eae849789) Importer(815301076,1909f56bfc062723c751e8b465ee728b)
Start importing Assets/Packages/System.Buffers.4.5.1/lib/net461 using Guid(a6d19299a35c29346b5e018eae849789) Importer(815301076,1909f56bfc062723c751e8b465ee728b)  -> (artifact id: '3589d088cb786981b9fa4c8c8501bb4d') in 0.009015 seconds 
========================================================================
Received Import Request.
  Time since last request: 0.832041 seconds.
  path: Assets/Packages/System.Buffers.4.5.1/lib/net461/System.Buffers.dll
  artifactKey: Guid(49de1e5f120e67947b432c93405756df) Importer(815301076,1909f56bfc062723c751e8b465ee728b)
Start importing Assets/Packages/System.Buffers.4.5.1/lib/net461/System.Buffers.dll using Guid(49de1e5f120e67947b432c93405756df) Importer(815301076,1909f56bfc062723c751e8b465ee728b)  -> (artifact id: '26fa9257453fd2590b427cf7dc31f907') in 0.006389 seconds 
========================================================================
Received Import Request.
  Time since last request: 5.801558 seconds.
  path: Assets/Packages/System.Memory.4.5.4/lib
  artifactKey: Guid(e238929aff0587046a4fa3b59330d6a8) Importer(815301076,1909f56bfc062723c751e8b465ee728b)
Start importing Assets/Packages/System.Memory.4.5.4/lib using Guid(e238929aff0587046a4fa3b59330d6a8) Importer(815301076,1909f56bfc062723c751e8b465ee728b)  -> (artifact id: '12efdd54caebb1361d9b909d5a3d7818') in 0.017834 seconds 
========================================================================
Received Import Request.
  Time since last request: 0.521851 seconds.
  path: Assets/Packages/System.Memory.4.5.4/lib/net461
  artifactKey: Guid(4f232a4248537b54b8f6e5fd173ab80e) Importer(815301076,1909f56bfc062723c751e8b465ee728b)
Start importing Assets/Packages/System.Memory.4.5.4/lib/net461 using Guid(4f232a4248537b54b8f6e5fd173ab80e) Importer(815301076,1909f56bfc062723c751e8b465ee728b)  -> (artifact id: '77c0311134e73f2ef8a1c322691d8144') in 0.002486 seconds 
========================================================================
Received Import Request.
  Time since last request: 0.665708 seconds.
  path: Assets/Packages/System.Memory.4.5.4/lib/net461/System.Memory.dll
  artifactKey: Guid(da86c1af2779e514980ccd86a9bfba70) Importer(815301076,1909f56bfc062723c751e8b465ee728b)
Start importing Assets/Packages/System.Memory.4.5.4/lib/net461/System.Memory.dll using Guid(da86c1af2779e514980ccd86a9bfba70) Importer(815301076,1909f56bfc062723c751e8b465ee728b)  -> (artifact id: 'ca958f0de4bdb74d0f43e19fafbdb58b') in 0.020599 seconds 
========================================================================
Received Import Request.
  Time since last request: 6.428047 seconds.
  path: Assets/Packages/System.Runtime.CompilerServices.Unsafe.4.5.3/lib/net461/System.Runtime.CompilerServices.Unsafe.dll
  artifactKey: Guid(44ffe2d50caf9024cb2ef67a7d227914) Importer(815301076,1909f56bfc062723c751e8b465ee728b)
Start importing Assets/Packages/System.Runtime.CompilerServices.Unsafe.4.5.3/lib/net461/System.Runtime.CompilerServices.Unsafe.dll using Guid(44ffe2d50caf9024cb2ef67a7d227914) Importer(815301076,1909f56bfc062723c751e8b465ee728b)  -> (artifact id: 'c47740cf7aabe30ee9c7a50ca0f1da8f') in 0.006802 seconds 
========================================================================
Received Import Request.
  Time since last request: 359.646487 seconds.
  path: Assets/Python/script.py
  artifactKey: Guid(a532fb1073803ee4096b79e04ce8363b) Importer(815301076,1909f56bfc062723c751e8b465ee728b)
Start importing Assets/Python/script.py using Guid(a532fb1073803ee4096b79e04ce8363b) Importer(815301076,1909f56bfc062723c751e8b465ee728b)  -> (artifact id: 'ade6dc21458666148cbc409ed919a202') in 0.016661 seconds 
AssetImportWorkerClient::OnTransportError - code=2 error=End of file
